20180627a_grad/004_1.20_-6_h.dat type=2
20180627a_grad/004_1.20_-6_hs.dat type=4
20180627a_grad/004_1.20_-6_ht.dat type=0

20180627a_grad/004_1.20_-7_h.dat type=2
20180627a_grad/004_1.20_-7_hs.dat type=4
20180627a_grad/004_1.20_-7_ht.dat type=0
20180627a_grad/004_1.20_-7_hx.dat type=1

20180627a_grad/004_1.20_-8_h.dat type=1
20180627a_grad/004_1.20_-8_hs.dat type=4
20180627a_grad/004_1.20_-8_ht.dat type=0

20180627a_grad/004_1.20_-9_h.dat type=1
20180627a_grad/004_1.20_-9_hs.dat type=4
20180627a_grad/004_1.20_-9_ht.dat type=0

20180627a_grad/004_1.20_-10_h.dat type=1
20180627a_grad/004_1.20_-10_hh.dat type=4
20180627a_grad/004_1.20_-10_hs.dat type=5
20180627a_grad/004_1.20_-10_ht.dat type=0
20180627a_grad/004_1.20_-10_x.dat type=6

20180627a_grad/004_1.20_-11_hh.dat type=4
20180627a_grad/004_1.20_-11_hs.dat type=5
20180627a_grad/004_1.20_-11_ht.dat type=0
20180627a_grad/004_1.20_-11_hu.dat type=6
