xlim -1 -0
ylim 0 1.4

sig_1529052311_0.8_-8     002 0.80 -8 h   type=6
sig_1529052311_0.8_-8     002 0.80 -8 hh  type=5
sig_1529052311_0.8_-8     002 0.80 -8 ht  type=4
sig_1529052439_1.0_-8     002 1.00 -8 h   type=6
sig_1529052439_1.0_-8     002 1.00 -8 ha  type=1
sig_1529052439_1.0_-8     002 1.00 -8 hs  type=5
sig_1529052439_1.0_-8     002 1.00 -8 ht  type=4
sig_1529052439_1.0_-8     002 1.00 -8 hu  type=0

sig_1529053652_0.8_-8     003 0.80 -8 h   type=4
sig_1529053652_0.8_-8     003 0.80 -8 hh  type=6
sig_1529053652_0.8_-8     003 0.80 -8 hs  type=9
sig_1529053652_0.8_-8     003 0.80 -8 ht  type=0
sig_1529053781_1.0_-8     003 1.00 -8 h   type=6
sig_1529053781_1.0_-8     003 1.00 -8 hh  type=4
sig_1529053781_1.0_-8     003 1.00 -8 hs  type=9
sig_1529053781_1.0_-8     003 1.00 -8 ht  type=0
sig_1529053781_1.0_-8     003 1.00 -8 hu  type=8
sig_1529053910_1.2_-8     003 1.20 -8 h   type=6
sig_1529053910_1.2_-8     003 1.20 -8 hh  type=8
sig_1529053910_1.2_-8     003 1.20 -8 ht  type=0

sig_1529054039_0.8_-8     004 0.80 -8 h   type=4
sig_1529054039_0.8_-8     004 0.80 -8 hh  type=9
sig_1529054039_0.8_-8     004 0.80 -8 hs  type=6
sig_1529054039_0.8_-8     004 0.80 -8 ht  type=0
sig_1529054168_1.0_-8     004 1.00 -8 h   type=4
sig_1529054168_1.0_-8     004 1.00 -8 hh  type=6
sig_1529054168_1.0_-8     004 1.00 -8 hs  type=9
sig_1529054168_1.0_-8     004 1.00 -8 ht  type=0
sig_1529054296_1.2_-8     004 1.20 -8 h   type=6
sig_1529054296_1.2_-8     004 1.20 -8 hh  type=8
sig_1529054296_1.2_-8     004 1.20 -8 hs  type=9
sig_1529054296_1.2_-8     004 1.20 -8 ht  type=0

sig_1529054551_1.0_-8     005 1.00 -8 h   type=6
sig_1529054551_1.0_-8     005 1.00 -8 hh  type=4
sig_1529054551_1.0_-8     005 1.00 -8 hs  type=9
sig_1529054551_1.0_-8     005 1.00 -8 ht  type=0
sig_1529054678_1.2_-8     005 1.20 -8 h   type=6
sig_1529054678_1.2_-8     005 1.20 -8 hh  type=8
sig_1529054678_1.2_-8     005 1.20 -8 hs  type=9
sig_1529054678_1.2_-8     005 1.20 -8 ht  type=0
sig_1529054678_1.2_-8     005 1.20 -8 hu  type=5

sig_1529054807_0.8_-8     006 0.80 -8 h   type=0
sig_1529054935_1.0_-8     006 1.00 -8 h   type=4
sig_1529054935_1.0_-8     006 1.00 -8 hh  type=6
sig_1529054935_1.0_-8     006 1.00 -8 hs  type=9
sig_1529054935_1.0_-8     006 1.00 -8 ht  type=0
sig_1529054935_1.0_-8     006 1.00 -8 hu  type=5
sig_1529055064_1.2_-8     006 1.20 -8 h   type=6
sig_1529055064_1.2_-8     006 1.20 -8 hh  type=1
sig_1529055064_1.2_-8     006 1.20 -8 hs  type=9
sig_1529055064_1.2_-8     006 1.20 -8 ht  type=0
sig_1529055064_1.2_-8     006 1.20 -8 hu  type=5
sig_1529055064_1.2_-8     006 1.20 -8 hv  type=2

sig_1529055195_0.8_-8     007 0.80 -8 h   type=4
sig_1529055195_0.8_-8     007 0.80 -8 hh  type=6
sig_1529055195_0.8_-8     007 0.80 -8 hs  type=9
sig_1529055195_0.8_-8     007 0.80 -8 ht  type=0
sig_1529055325_1.0_-8     007 1.00 -8 h   type=6
sig_1529055325_1.0_-8     007 1.00 -8 hh  type=4
sig_1529055325_1.0_-8     007 1.00 -8 hs  type=9
sig_1529055325_1.0_-8     007 1.00 -8 ht  type=0
sig_1529055325_1.0_-8     007 1.00 -8 hu  type=5
sig_1529055453_1.2_-8     007 1.20 -8 h   type=6
sig_1529055453_1.2_-8     007 1.20 -8 hs  type=9
sig_1529055453_1.2_-8     007 1.20 -8 ht  type=0
sig_1529055453_1.2_-8     007 1.20 -8 hu  type=5

sig_1529055582_0.8_-8     008 0.80 -8 h   type=4
sig_1529055582_0.8_-8     008 0.80 -8 hh  type=6
sig_1529055582_0.8_-8     008 0.80 -8 hs  type=9
sig_1529055582_0.8_-8     008 0.80 -8 ht  type=0
sig_1529055712_1.0_-8     008 1.00 -8 h   type=6
sig_1529055712_1.0_-8     008 1.00 -8 hh  type=4
sig_1529055712_1.0_-8     008 1.00 -8 hs  type=9
sig_1529055712_1.0_-8     008 1.00 -8 ht  type=0
sig_1529055712_1.0_-8     008 1.00 -8 hu  type=5
sig_1529055840_1.2_-8     008 1.20 -8 h   type=6
sig_1529055840_1.2_-8     008 1.20 -8 hh  type=5
sig_1529055840_1.2_-8     008 1.20 -8 hs  type=9
sig_1529055840_1.2_-8     008 1.20 -8 ht  type=0

sig_1529055970_0.8_-8     009 0.80 -8 h   type=4
sig_1529055970_0.8_-8     009 0.80 -8 hh  type=6
sig_1529055970_0.8_-8     009 0.80 -8 hs  type=9
sig_1529055970_0.8_-8     009 0.80 -8 ht  type=0
sig_1529055970_0.8_-8     009 0.80 -8 hu  type=5
sig_1529056100_1.0_-8     009 1.00 -8 h   type=6
sig_1529056100_1.0_-8     009 1.00 -8 hh  type=4
sig_1529056100_1.0_-8     009 1.00 -8 hs  type=5
sig_1529056100_1.0_-8     009 1.00 -8 ht  type=0
sig_1529056226_1.2_-8     009 1.20 -8 h   type=6
sig_1529056226_1.2_-8     009 1.20 -8 hh  type=1
sig_1529056226_1.2_-8     009 1.20 -8 hs  type=5
sig_1529056226_1.2_-8     009 1.20 -8 ht  type=0
sig_1529056482_1.0_-8     010 1.00 -8 h   type=6
sig_1529056482_1.0_-8     010 1.00 -8 hh  type=4
sig_1529056482_1.0_-8     010 1.00 -8 ht  type=0
sig_1529056482_1.0_-8     010 1.00 -8 hu  type=5

sig_1529056610_1.2_-8     010 1.20 -8 h   type=6
sig_1529056610_1.2_-8     010 1.20 -8 hs  type=5
sig_1529056610_1.2_-8     010 1.20 -8 ht  type=0

sig_1529056737_0.8_-8     011 0.80 -8 h   type=4
sig_1529056737_0.8_-8     011 0.80 -8 hs  type=6
sig_1529056867_1.0_-8     011 1.00 -8 h   type=6
sig_1529056997_1.2_-8     011 1.20 -8 h   type=6
sig_1529056997_1.2_-8     011 1.20 -8 ht  type=0

sig_1529057254_1.0_-8     012 1.00 -8 h   type=6
sig_1529057383_1.2_-8     012 1.20 -8 h   type=6

sig_1529057513_0.8_-8     013 0.80 -8 h   type=6 xmax=-0.46
sig_1529057643_1.0_-8     013 1.00 -8 h   type=6
sig_1529057772_1.2_-8     013 1.20 -8 h   type=6

sig_1529058029_1.0_-8     014 1.00 -8 h   type=6
sig_1529058029_1.0_-8     014 1.00 -8 l   type=10 xmax=-0.385
sig_1529058158_1.2_-8     014 1.20 -8 h   type=6
sig_1529058158_1.2_-8     014 1.20 -8 l   type=10 xmax=-0.325

sig_1529058287_0.8_-8     015 0.80 -8 h   type=6
sig_1529058415_1.0_-8     015 1.00 -8 h   type=6
sig_1529058415_1.0_-8     015 1.00 -8 l   type=10 xmax=-0.39
sig_1529058543_1.2_-8     015 1.20 -8 h   type=6
sig_1529058543_1.2_-8     015 1.20 -8 l   type=10

sig_1529058676_0.8_-8     016 0.80 -8 h   type=6
sig_1529058801_1.0_-8     016 1.00 -8 h   type=6
sig_1529058801_1.0_-8     016 1.00 -8 l   type=10
sig_1529058925_1.2_-8     016 1.20 -8 h   type=6
sig_1529058925_1.2_-8     016 1.20 -8 l   type=10 xmax=-0.87

sig_1529059053_0.8_-8     017 0.80 -8 l   type=10
sig_1529059053_0.8_-8     017 0.80 -8 ls  type=11
sig_1529059181_1.0_-8     017 1.00 -8 l   type=10
sig_1529059181_1.0_-8     017 1.00 -8 ls  type=11
sig_1529059311_1.2_-8     017 1.20 -8 l   type=10
sig_1529059311_1.2_-8     017 1.20 -8 ls  type=11

sig_1529059438_0.8_-8     018 0.80 -8 l   type=10
sig_1529059438_0.8_-8     018 0.80 -8 ls  type=11
sig_1529059566_1.0_-8     018 1.00 -8 l   type=10
sig_1529059566_1.0_-8     018 1.00 -8 ls  type=11
sig_1529059696_1.2_-8     018 1.20 -8 l   type=10
sig_1529059696_1.2_-8     018 1.20 -8 ls  type=11 qual=3.3

sig_1529059825_0.8_-8     019 0.80 -8 l   type=10
sig_1529059825_0.8_-8     019 0.80 -8 ls  type=11
sig_1529059953_1.0_-8     019 1.00 -8 l   type=10
sig_1529059953_1.0_-8     019 1.00 -8 ls  type=11
sig_1529060080_1.2_-8     019 1.20 -8 l   type=10
sig_1529060080_1.2_-8     019 1.20 -8 ls  type=11

sig_1529060206_0.8_-8     020 0.80 -8 l   type=10
sig_1529060206_0.8_-8     020 0.80 -8 ls  type=11
sig_1529060335_1.0_-8     020 1.00 -8 l   type=10
sig_1529060335_1.0_-8     020 1.00 -8 ls  type=11
sig_1529060463_1.2_-8     020 1.20 -8 l   type=10
sig_1529060463_1.2_-8     020 1.20 -8 ls  type=11

sig_1529060591_0.8_-8     021 0.80 -8 l   type=10
sig_1529060719_1.0_-8     021 1.00 -8 l   type=10
sig_1529060719_1.0_-8     021 1.00 -8 ls  type=11 qual=2.5
sig_1529060848_1.2_-8     021 1.20 -8 l   type=10
sig_1529060848_1.2_-8     021 1.20 -8 ls  type=11 qual=3

sig_1529060976_0.8_-8     022 0.80 -8 l   type=10 xmax=-0.400
sig_1529060976_0.8_-8     022 0.80 -8 ls  type=11
sig_1529061107_1.0_-8     022 1.00 -8 l   type=10
sig_1529061107_1.0_-8     022 1.00 -8 ls  type=11
sig_1529061238_1.2_-8     022 1.20 -8 l   type=10
sig_1529061238_1.2_-8     022 1.20 -8 ls  type=11

sig_1529061367_0.8_-8     023 0.80 -8 l   type=10
sig_1529061367_0.8_-8     023 0.80 -8 ls  type=11
sig_1529061495_1.0_-8     023 1.00 -8 l   type=10
sig_1529061495_1.0_-8     023 1.00 -8 ls  type=11
sig_1529061628_1.2_-8     023 1.20 -8 l   type=10
sig_1529061628_1.2_-8     023 1.20 -8 ls  type=11

sig_1529061757_0.8_-8     024 0.80 -8 l   type=10 xmax=-0.425
sig_1529061887_1.0_-8     024 1.00 -8 l   type=10
sig_1529062019_1.2_-8     024 1.20 -8 l   type=10

sig_1529062146_0.8_-8     025 0.80 -8 h   type=4
sig_1529062146_0.8_-8     025 0.80 -8 l   type=10 xmax=-0.450
sig_1529062274_1.0_-8     025 1.00 -8 h   type=4
sig_1529062274_1.0_-8     025 1.00 -8 l   type=10
sig_1529062402_1.2_-8     025 1.20 -8 l   type=10

sig_1529062531_0.8_-8     026 0.80 -8 h   type=4
sig_1529062531_0.8_-8     026 0.80 -8 l   type=10
sig_1529062665_1.0_-8     026 1.00 -8 h   type=4
sig_1529062665_1.0_-8     026 1.00 -8 l   type=10
sig_1529062794_1.2_-8     026 1.20 -8 h   type=4
sig_1529062794_1.2_-8     026 1.20 -8 l   type=10

sig_1529062923_0.8_-8     027 0.80 -8 h   type=4
sig_1529062923_0.8_-8     027 0.80 -8 l   type=10
sig_1529063050_1.0_-8     027 1.00 -8 h   type=4
sig_1529063050_1.0_-8     027 1.00 -8 l   type=10
sig_1529063180_1.2_-8     027 1.20 -8 h   type=4
sig_1529063180_1.2_-8     027 1.20 -8 ht  type=0

sig_1529063306_0.8_-8     028 0.80 -8 h   type=4
sig_1529063306_0.8_-8     028 0.80 -8 hs  type=6
sig_1529063306_0.8_-8     028 0.80 -8 ht  type=5
sig_1529063435_1.0_-8     028 1.00 -8 h   type=4
sig_1529063435_1.0_-8     028 1.00 -8 ht  type=0
sig_1529063563_1.2_-8     028 1.20 -8 h   type=4
sig_1529063563_1.2_-8     028 1.20 -8 ht  type=0

sig_1529063691_0.8_-8     029 0.80 -8 h   type=4
sig_1529063691_0.8_-8     029 0.80 -8 hh  type=5
sig_1529063691_0.8_-8     029 0.80 -8 hs  type=6
sig_1529063819_1.0_-8     029 1.00 -8 h   type=4
sig_1529063819_1.0_-8     029 1.00 -8 hd  type=1
sig_1529063819_1.0_-8     029 1.00 -8 hs  type=6
sig_1529063819_1.0_-8     029 1.00 -8 ht  type=0
sig_1529063948_1.2_-8     029 1.20 -8 h   type=4
sig_1529063948_1.2_-8     029 1.20 -8 hh  type=1
sig_1529063948_1.2_-8     029 1.20 -8 hs  type=6
sig_1529063948_1.2_-8     029 1.20 -8 ht  type=0

sig_1529064072_0.8_-8     030 0.80 -8 h   type=4
sig_1529064072_0.8_-8     030 0.80 -8 hh  type=5
sig_1529064072_0.8_-8     030 0.80 -8 hs  type=9
sig_1529064072_0.8_-8     030 0.80 -8 ht  type=0
sig_1529064072_0.8_-8     030 0.80 -8 hu  type=6
sig_1529064201_1.0_-8     030 1.00 -8 h   type=4
sig_1529064201_1.0_-8     030 1.00 -8 hh  type=2
sig_1529064201_1.0_-8     030 1.00 -8 hs  type=5
sig_1529064201_1.0_-8     030 1.00 -8 ht  type=0
sig_1529064334_1.2_-8     030 1.20 -8 h   type=4
sig_1529064334_1.2_-8     030 1.20 -8 hh  type=2
sig_1529064334_1.2_-8     030 1.20 -8 hs  type=1
sig_1529064334_1.2_-8     030 1.20 -8 ht  type=0

sig_1529064463_0.8_-8     031 0.80 -8 h   type=4
sig_1529064463_0.8_-8     031 0.80 -8 hh  type=6
sig_1529064463_0.8_-8     031 0.80 -8 hs  type=5
sig_1529064463_0.8_-8     031 0.80 -8 ht  type=0
sig_1529064595_1.0_-8     031 1.00 -8 h   type=4
sig_1529064595_1.0_-8     031 1.00 -8 hh  type=2
sig_1529064595_1.0_-8     031 1.00 -8 hs  type=1
sig_1529064595_1.0_-8     031 1.00 -8 ht  type=0
sig_1529064726_1.2_-8     031 1.20 -8 h   type=4
sig_1529064726_1.2_-8     031 1.20 -8 hh  type=2
sig_1529064726_1.2_-8     031 1.20 -8 hs  type=1
sig_1529064726_1.2_-8     031 1.20 -8 ht  type=0

sig_1529064854_0.8_-8     032 0.80 -8 h   type=4
sig_1529064854_0.8_-8     032 0.80 -8 ht  type=0
sig_1529064982_1.0_-8     032 1.00 -8 h   type=4
sig_1529064982_1.0_-8     032 1.00 -8 hh  type=2
sig_1529064982_1.0_-8     032 1.00 -8 hs  type=1
sig_1529064982_1.0_-8     032 1.00 -8 ht  type=0
sig_1529064982_1.0_-8     032 1.00 -8 hu  type=5 xmax=-0.925
sig_1529065112_1.2_-8     032 1.20 -8 h   type=4
sig_1529065112_1.2_-8     032 1.20 -8 hh  type=1
sig_1529065112_1.2_-8     032 1.20 -8 hs  type=2
sig_1529065112_1.2_-8     032 1.20 -8 ht  type=0

sig_1529065241_0.8_-8     033 0.80 -8 h   type=4
sig_1529065241_0.8_-8     033 0.80 -8 ht  type=0
sig_1529065371_1.0_-8     033 1.00 -8 h   type=4
sig_1529065371_1.0_-8     033 1.00 -8 hh  type=1
sig_1529065371_1.0_-8     033 1.00 -8 hs  type=2
sig_1529065371_1.0_-8     033 1.00 -8 ht  type=0
sig_1529065498_1.2_-8     033 1.20 -8 h   type=4
sig_1529065498_1.2_-8     033 1.20 -8 hh  type=2
sig_1529065498_1.2_-8     033 1.20 -8 hs  type=1
sig_1529065498_1.2_-8     033 1.20 -8 ht  type=0
sig_1529065498_1.2_-8     033 1.20 -8 hu  type=6

sig_1529065630_0.8_-8     034 0.80 -8 h   type=0
sig_1529065630_0.8_-8     034 0.80 -8 hh  type=4
sig_1529065756_1.0_-8     034 1.00 -8 h   type=4
sig_1529065756_1.0_-8     034 1.00 -8 ht  type=0
sig_1529065885_1.2_-8     034 1.20 -8 h   type=4
sig_1529065885_1.2_-8     034 1.20 -8 hh  type=2
sig_1529065885_1.2_-8     034 1.20 -8 hs  type=1
sig_1529065885_1.2_-8     034 1.20 -8 ht  type=0

sig_1529066013_0.8_-8     035 0.80 -8 h   type=4
sig_1529066013_0.8_-8     035 0.80 -8 ht  type=0
sig_1529066142_1.0_-8     035 1.00 -8 h   type=4
sig_1529066142_1.0_-8     035 1.00 -8 ht  type=0
sig_1529066270_1.2_-8     035 1.20 -8 h   type=2
sig_1529066270_1.2_-8     035 1.20 -8 hh  type=1
sig_1529066270_1.2_-8     035 1.20 -8 ht  type=0

####

sig_1529066400_0.8_-8     036 0.80 -8 h   type=4
sig_1529066400_0.8_-8     036 0.80 -8 ht  type=0
sig_1529066526_1.0_-8     036 1.00 -8 h   type=4
sig_1529066526_1.0_-8     036 1.00 -8 ht  type=0
sig_1529066656_1.2_-8     036 1.20 -8 h   type=2
sig_1529066656_1.2_-8     036 1.20 -8 hh  type=1
sig_1529066656_1.2_-8     036 1.20 -8 hs  type=4
sig_1529066656_1.2_-8     036 1.20 -8 ht  type=0

sig_1529066785_0.8_-8     037 0.80 -8 h   type=4
sig_1529066785_0.8_-8     037 0.80 -8 ht  type=0
sig_1529066915_1.0_-8     037 1.00 -8 h   type=4
sig_1529066915_1.0_-8     037 1.00 -8 hh  type=0
sig_1529067043_1.2_-8     037 1.20 -8 ht  type=0

sig_1529067172_0.8_-8     038 0.80 -8 h   type=0
sig_1529067172_0.8_-8     038 0.80 -8 ht  type=4
sig_1529067301_1.0_-8     038 1.00 -8 h   type=0
sig_1529067429_1.2_-8     038 1.20 -8 h   type=0

sig_1529067555_0.8_-8     039 0.80 -8 h   type=0
sig_1529067555_0.8_-8     039 0.80 -8 ht  type=4
sig_1529067683_1.0_-8     039 1.00 -8 h   type=0
sig_1529067812_1.2_-8     039 1.20 -8 h   type=0

sig_1529067939_0.8_-8     040 0.80 -8 h   type=0
sig_1529067939_0.8_-8     040 0.80 -8 ht  type=4
sig_1529068067_1.0_-8     040 1.00 -8 h   type=0
sig_1529068193_1.2_-8     040 1.20 -8 h   type=0

sig_1529068322_0.8_-8     041 0.80 -8 h   type=0
sig_1529068322_0.8_-8     041 0.80 -8 ht  type=4
sig_1529068451_1.0_-8     041 1.00 -8 h   type=0
sig_1529068581_1.2_-8     041 1.20 -8 h   type=0

sig_1529068710_0.8_-8     041 0.80 -8 h   type=0
sig_1529068839_1.0_-8     041 1.00 -8 h   type=0
sig_1529068967_1.2_-8     042 1.20 -8 h   type=0

sig_1529069097_0.8_-8     043 0.80 -8 h   type=0
sig_1529069097_0.8_-8     043 0.80 -8 ht  type=9

sig_1529069222_1.0_-8     044 0.80 -8 h   type=0
sig_1529069742_1.2_-8     045 1.2  -8 h   type=0

sig_1529070129_1.2_-8     046 1.2  -8 h   type=0

sig_1529071281_1.2_-8     047 1.2  -8 h   type=0

sig_1529071540_1.0_-8     048 1.0  -8 h   type=0
sig_1529071667_1.2_-8     049 1.2  -8 h   type=4

sig_1529071667_1.2_-8     049 1.2  -8 ht  type=0

sig_1529072054_1.2_-8     050 1.2  -8 h   type=0
