xlim 0.3 1.4
ylim 0 2.4
20180701g_temp/sig_1530462090_1.2_-10_n h  type=5
20180701g_temp/sig_1530462090_1.2_-10_n ha type=4
20180701g_temp/sig_1530462689_1.2_-10_n h  type=5
20180701g_temp/sig_1530462689_1.2_-10_n ht type=4
20180701g_temp/sig_1530462689_1.2_-10_n l  type=10
20180701g_temp/sig_1530462689_1.2_-10_n ls type=11
20180701g_temp/sig_1530463288_1.2_-10_n l  type=10 xmax=1.1
20180701g_temp/sig_1530463288_1.2_-10_n ls type=11
20180701g_temp/sig_1530463887_1.2_-10_n l  type=10 xmax=1.1
20180701g_temp/sig_1530463887_1.2_-10_n ls type=11
20180701g_temp/sig_1530464486_1.2_-10_n l  type=10 xmax=1.1
20180701g_temp/sig_1530464486_1.2_-10_n ls type=11
20180701g_temp/sig_1530465086_1.2_-10_n l  type=10 xmax=1.1
20180701g_temp/sig_1530465086_1.2_-10_n ls type=11
20180701g_temp/sig_1530465685_1.2_-10_n l  type=10 xmax=1.1
20180701g_temp/sig_1530465685_1.2_-10_n ls type=11
20180701g_temp/sig_1530467482_1.2_-10_n l  type=10 xmax=1.15
20180701g_temp/sig_1530467482_1.2_-10_n ls type=11
20180701g_temp/sig_1530468081_1.2_-10_n l  type=10 xmax=1.05
20180701g_temp/sig_1530468081_1.2_-10_n ls type=11
20180701g_temp/sig_1530468680_1.2_-10_n l  type=10
20180701g_temp/sig_1530468680_1.2_-10_n ls type=11
20180701g_temp/sig_1530469279_1.2_-10_n l  type=10
20180701g_temp/sig_1530469279_1.2_-10_n ls type=11
20180701g_temp/sig_1530469878_1.2_-10_n l  type=10
20180701g_temp/sig_1530470479_1.2_-10_n h  type=4
20180701g_temp/sig_1530471079_1.2_-10_n h  type=4
20180701g_temp/sig_1530471079_1.2_-10_n hh type=8
20180701g_temp/sig_1530471677_1.2_-10_n h  type=4
20180701g_temp/sig_1530471677_1.2_-10_n hh type=1
20180701g_temp/sig_1530471677_1.2_-10_n hs type=5
20180701g_temp/sig_1530471677_1.2_-10_n ht type=0
