xlim 1 2
ylim 0 1.2
20180626b_grad_temp/sig_1530019853_1.2_-6_n l   type=10
20180626b_grad_temp/sig_1530020593_1.2_-6_n l   type=10
20180626b_grad_temp/sig_1530020962_1.2_-6_n l   type=10
20180626b_grad_temp/sig_1530021601_1.2_-6_n l   type=10
20180626b_grad_temp/sig_1530022340_1.2_-6_n h   type=4
20180626b_grad_temp/sig_1530022710_1.2_-6_n h   type=4
20180626b_grad_temp/sig_1530023079_1.2_-6_n h   type=4
20180626b_grad_temp/sig_1530023467_1.2_-6_n h   type=4
20180626b_grad_temp/sig_1530023816_1.2_-6_n h   type=4
20180626b_grad_temp/sig_1530024164_1.2_-6_n h   type=4
20180626b_grad_temp/sig_1530024164_1.2_-6_n ht  type=0
20180626b_grad_temp/sig_1530024513_1.2_-6_n h   type=4
20180626b_grad_temp/sig_1530024513_1.2_-6_n ht  type=0
20180626b_grad_temp/sig_1530024862_1.2_-6_n h   type=4
20180626b_grad_temp/sig_1530024862_1.2_-6_n ht  type=0
20180626b_grad_temp/sig_1530025210_1.2_-6_n h   type=0
20180626b_grad_temp/sig_1530025908_1.2_-6_n h   type=0
20180626b_grad_temp/sig_1530026258_1.2_-6_n h   type=0
20180626b_grad_temp/sig_1530026607_1.2_-6_n h   type=0
20180626b_grad_temp/sig_1530026957_1.2_-6_n h   type=0
