xlim 0.3 1.4
ylim 0 2.4
20180701g_temp/sig_1530461652_0.8_-8_n h   type=4
20180701g_temp/sig_1530461652_0.8_-8_n hs  type=6
20180701g_temp/sig_1530461652_0.8_-8_n ht  type=0
20180701g_temp/sig_1530462251_0.8_-8_n h   type=6
20180701g_temp/sig_1530462251_0.8_-8_n x   type=4
20180701g_temp/sig_1530462850_0.8_-8_n l   type=10
20180701g_temp/sig_1530462850_0.8_-8_n ls  type=11
20180701g_temp/sig_1530463448_0.8_-8_n l   type=10 xmax=0.88
20180701g_temp/sig_1530463448_0.8_-8_n ls  type=11
20180701g_temp/sig_1530464048_0.8_-8_n l   type=10
20180701g_temp/sig_1530464048_0.8_-8_n ls  type=11
20180701g_temp/sig_1530464647_0.8_-8_n l   type=10 xmax=0.82
20180701g_temp/sig_1530464647_0.8_-8_n ls  type=11
20180701g_temp/sig_1530465246_0.8_-8_n l   type=10
20180701g_temp/sig_1530465246_0.8_-8_n ls  type=11
20180701g_temp/sig_1530465845_0.8_-8_n l   type=10
20180701g_temp/sig_1530465845_0.8_-8_n ls  type=11
20180701g_temp/sig_1530467643_0.8_-8_n l   type=10 xmax=0.8
20180701g_temp/sig_1530467643_0.8_-8_n ls  type=11
20180701g_temp/sig_1530468242_0.8_-8_n l   type=10
20180701g_temp/sig_1530468242_0.8_-8_n ls  type=11
20180701g_temp/sig_1530468841_0.8_-8_n l   type=10 xmax=0.75
20180701g_temp/sig_1530469440_0.8_-8_n h   type=4
20180701g_temp/sig_1530470039_0.8_-8_n h   type=4
20180701g_temp/sig_1530470039_0.8_-8_n hs  type=5
20180701g_temp/sig_1530470640_0.8_-8_n h   type=4
20180701g_temp/sig_1530470640_0.8_-8_n hh  type=6
20180701g_temp/sig_1530470640_0.8_-8_n hs  type=5
20180701g_temp/sig_1530471239_0.8_-8_n h   type=4
20180701g_temp/sig_1530471239_0.8_-8_n hs  type=5
20180701g_temp/sig_1530471239_0.8_-8_n ht  type=0
20180701g_temp/sig_1530471838_0.8_-8_n h   type=5
20180701g_temp/sig_1530471838_0.8_-8_n ht  type=0
