xlim -1 -0
ylim 0 1.4
20180615b_temp_exc/sig_1529052439_1.0_-8 h   type=6
20180615b_temp_exc/sig_1529052439_1.0_-8 ha  type=1
20180615b_temp_exc/sig_1529052439_1.0_-8 hs  type=5
20180615b_temp_exc/sig_1529052439_1.0_-8 ht  type=4
20180615b_temp_exc/sig_1529052439_1.0_-8 hu  type=0
20180615b_temp_exc/sig_1529053781_1.0_-8 h   type=6
20180615b_temp_exc/sig_1529053781_1.0_-8 hh  type=4
20180615b_temp_exc/sig_1529053781_1.0_-8 hs  type=9
20180615b_temp_exc/sig_1529053781_1.0_-8 ht  type=0
20180615b_temp_exc/sig_1529053781_1.0_-8 hu  type=8
20180615b_temp_exc/sig_1529054168_1.0_-8 h   type=4
20180615b_temp_exc/sig_1529054168_1.0_-8 hh  type=6
20180615b_temp_exc/sig_1529054168_1.0_-8 hs  type=9
20180615b_temp_exc/sig_1529054168_1.0_-8 ht  type=0
20180615b_temp_exc/sig_1529054551_1.0_-8 h   type=6
20180615b_temp_exc/sig_1529054551_1.0_-8 hh  type=4
20180615b_temp_exc/sig_1529054551_1.0_-8 hs  type=9
20180615b_temp_exc/sig_1529054551_1.0_-8 ht  type=0
20180615b_temp_exc/sig_1529054935_1.0_-8 h   type=4
20180615b_temp_exc/sig_1529054935_1.0_-8 hh  type=6
20180615b_temp_exc/sig_1529054935_1.0_-8 hs  type=9
20180615b_temp_exc/sig_1529054935_1.0_-8 ht  type=0
20180615b_temp_exc/sig_1529054935_1.0_-8 hu  type=5
20180615b_temp_exc/sig_1529055325_1.0_-8 h   type=6
20180615b_temp_exc/sig_1529055325_1.0_-8 hh  type=4
20180615b_temp_exc/sig_1529055325_1.0_-8 hs  type=9
20180615b_temp_exc/sig_1529055325_1.0_-8 ht  type=0
20180615b_temp_exc/sig_1529055325_1.0_-8 hu  type=5
20180615b_temp_exc/sig_1529055712_1.0_-8 h   type=6
20180615b_temp_exc/sig_1529055712_1.0_-8 hh  type=4
20180615b_temp_exc/sig_1529055712_1.0_-8 hs  type=9
20180615b_temp_exc/sig_1529055712_1.0_-8 ht  type=0
20180615b_temp_exc/sig_1529055712_1.0_-8 hu  type=5
20180615b_temp_exc/sig_1529056100_1.0_-8 h   type=6
20180615b_temp_exc/sig_1529056100_1.0_-8 hh  type=4
20180615b_temp_exc/sig_1529056100_1.0_-8 hs  type=5
20180615b_temp_exc/sig_1529056100_1.0_-8 ht  type=0
20180615b_temp_exc/sig_1529056482_1.0_-8 h   type=6
20180615b_temp_exc/sig_1529056482_1.0_-8 hh  type=4
20180615b_temp_exc/sig_1529056482_1.0_-8 ht  type=0
20180615b_temp_exc/sig_1529056482_1.0_-8 hu  type=5
20180615b_temp_exc/sig_1529056867_1.0_-8 h   type=6
20180615b_temp_exc/sig_1529057254_1.0_-8 h   type=6
20180615b_temp_exc/sig_1529057643_1.0_-8 h   type=6
20180615b_temp_exc/sig_1529058029_1.0_-8 h   type=6
20180615b_temp_exc/sig_1529058029_1.0_-8 l   type=12 xmax=-0.385
20180615b_temp_exc/sig_1529058415_1.0_-8 h   type=6
20180615b_temp_exc/sig_1529058415_1.0_-8 l   type=12 xmax=-0.39
20180615b_temp_exc/sig_1529058801_1.0_-8 h   type=6
20180615b_temp_exc/sig_1529058801_1.0_-8 l   type=12
20180615b_temp_exc/sig_1529059181_1.0_-8 l   type=10
20180615b_temp_exc/sig_1529059181_1.0_-8 ls  type=11
20180615b_temp_exc/sig_1529059566_1.0_-8 l   type=10
20180615b_temp_exc/sig_1529059566_1.0_-8 ls  type=11
20180615b_temp_exc/sig_1529059953_1.0_-8 l   type=10
20180615b_temp_exc/sig_1529059953_1.0_-8 ls  type=11
20180615b_temp_exc/sig_1529060335_1.0_-8 l   type=10
20180615b_temp_exc/sig_1529060335_1.0_-8 ls  type=11
20180615b_temp_exc/sig_1529060719_1.0_-8 l   type=10
20180615b_temp_exc/sig_1529060719_1.0_-8 ls  type=11 qual=2.5
20180615b_temp_exc/sig_1529061107_1.0_-8 l   type=10
20180615b_temp_exc/sig_1529061107_1.0_-8 ls  type=11
20180615b_temp_exc/sig_1529061495_1.0_-8 l   type=10
20180615b_temp_exc/sig_1529061495_1.0_-8 ls  type=11
20180615b_temp_exc/sig_1529061887_1.0_-8 l   type=10
20180615b_temp_exc/sig_1529062274_1.0_-8 h   type=4
20180615b_temp_exc/sig_1529062274_1.0_-8 l   type=10
20180615b_temp_exc/sig_1529062665_1.0_-8 h   type=4
20180615b_temp_exc/sig_1529062665_1.0_-8 l   type=10
20180615b_temp_exc/sig_1529063050_1.0_-8 h   type=4
20180615b_temp_exc/sig_1529063050_1.0_-8 l   type=10
20180615b_temp_exc/sig_1529063435_1.0_-8 h   type=4
20180615b_temp_exc/sig_1529063435_1.0_-8 ht  type=0
20180615b_temp_exc/sig_1529063819_1.0_-8 h   type=4
20180615b_temp_exc/sig_1529063819_1.0_-8 hd  type=1
20180615b_temp_exc/sig_1529063819_1.0_-8 hs  type=6
20180615b_temp_exc/sig_1529063819_1.0_-8 ht  type=0
20180615b_temp_exc/sig_1529064201_1.0_-8 h   type=4
20180615b_temp_exc/sig_1529064201_1.0_-8 hh  type=2
20180615b_temp_exc/sig_1529064201_1.0_-8 hs  type=5
20180615b_temp_exc/sig_1529064201_1.0_-8 ht  type=0
20180615b_temp_exc/sig_1529064595_1.0_-8 h   type=4
20180615b_temp_exc/sig_1529064595_1.0_-8 hh  type=2
20180615b_temp_exc/sig_1529064595_1.0_-8 hs  type=1
20180615b_temp_exc/sig_1529064595_1.0_-8 ht  type=0
20180615b_temp_exc/sig_1529064982_1.0_-8 h   type=4
20180615b_temp_exc/sig_1529064982_1.0_-8 hh  type=2
20180615b_temp_exc/sig_1529064982_1.0_-8 hs  type=1
20180615b_temp_exc/sig_1529064982_1.0_-8 ht  type=0
20180615b_temp_exc/sig_1529064982_1.0_-8 hu  type=5 xmax=-0.925
20180615b_temp_exc/sig_1529065371_1.0_-8 h   type=4
20180615b_temp_exc/sig_1529065371_1.0_-8 hh  type=1
20180615b_temp_exc/sig_1529065371_1.0_-8 hs  type=2
20180615b_temp_exc/sig_1529065371_1.0_-8 ht  type=0
20180615b_temp_exc/sig_1529065756_1.0_-8 h   type=4
20180615b_temp_exc/sig_1529065756_1.0_-8 ht  type=0
20180615b_temp_exc/sig_1529066142_1.0_-8 h   type=4
20180615b_temp_exc/sig_1529066142_1.0_-8 ht  type=0
20180615b_temp_exc/sig_1529066526_1.0_-8 h   type=4
20180615b_temp_exc/sig_1529066526_1.0_-8 ht  type=0
20180615b_temp_exc/sig_1529066915_1.0_-8 h   type=4
20180615b_temp_exc/sig_1529066915_1.0_-8 hh  type=0
20180615b_temp_exc/sig_1529067301_1.0_-8 h   type=0
20180615b_temp_exc/sig_1529067683_1.0_-8 h   type=0
20180615b_temp_exc/sig_1529068067_1.0_-8 h   type=0
20180615b_temp_exc/sig_1529068451_1.0_-8 h   type=0
20180615b_temp_exc/sig_1529068839_1.0_-8 h   type=0
20180615b_temp_exc/sig_1529069222_1.0_-8 h   type=0
20180615b_temp_exc/sig_1529071540_1.0_-8 h   type=9
