sig_1530048100_1.2_-6_n   003 1.20 -6 h   type=4
sig_1530048100_1.2_-6_n   003 1.20 -6 hs  type=8
sig_1530048100_1.2_-6_n   003 1.20 -6 ht  type=0
sig_1530048261_1.2_-8_n   003 1.20 -8 h   type=4
sig_1530048261_1.2_-8_n   003 1.20 -8 ht  type=0
sig_1530048422_1.2_-10_n  003 1.20 -10 h  type=4
sig_1530048422_1.2_-10_n  003 1.20 -10 hs type=6
sig_1530048422_1.2_-10_n  003 1.20 -10 ht type=0
sig_1530048583_1.2_-12_n  003 1.20 -12 h  type=5
sig_1530048583_1.2_-12_n  003 1.20 -12 hh type=4
sig_1530048583_1.2_-12_n  003 1.20 -12 hs type=6
sig_1530048583_1.2_-12_n  003 1.20 -12 hu type=7
sig_1530049112_1.2_-5_n   003 1.20 -5 h   type=4
sig_1530049112_1.2_-5_n   003 1.20 -5 ht  type=0

sig_1530049273_1.2_-6_n   004 1.20 -6 h   type=2
sig_1530049273_1.2_-6_n   004 1.20 -6 hs  type=4
sig_1530049273_1.2_-6_n   004 1.20 -6 ht  type=0
sig_1530049435_1.2_-7_n   004 1.20 -7 h   type=2
sig_1530049435_1.2_-7_n   004 1.20 -7 hs  type=4
sig_1530049435_1.2_-7_n   004 1.20 -7 ht  type=0
sig_1530049435_1.2_-7_n   004 1.20 -7 hx  type=1
sig_1530049596_1.2_-8_n   004 1.20 -8 h   type=1
sig_1530049596_1.2_-8_n   004 1.20 -8 hs  type=4
sig_1530049596_1.2_-8_n   004 1.20 -8 ht  type=0
sig_1530049756_1.2_-9_n   004 1.20 -9 h   type=1
sig_1530049756_1.2_-9_n   004 1.20 -9 hs  type=4
sig_1530049756_1.2_-9_n   004 1.20 -9 ht  type=0
sig_1530049917_1.2_-10_n  004 1.20 -10 h  type=1
sig_1530049917_1.2_-10_n  004 1.20 -10 hh type=4
sig_1530049917_1.2_-10_n  004 1.20 -10 hs type=5
sig_1530049917_1.2_-10_n  004 1.20 -10 ht type=0
sig_1530049917_1.2_-10_n  004 1.20 -10 x  type=6
sig_1530050078_1.2_-11_n  004 1.20 -11 hh type=4
sig_1530050078_1.2_-11_n  004 1.20 -11 hs type=5
sig_1530050078_1.2_-11_n  004 1.20 -11 ht type=0
sig_1530050078_1.2_-11_n  004 1.20 -11 hu type=6
