xlim 1 2
ylim 0 1.2

20180626b_grad_temp/sig_1530019853_1.2_-6_n l   type=10
20180626b_grad_temp/sig_1530020086_1.2_-10_n l  type=10
20180626b_grad_temp/sig_1530020086_1.2_-10_n ls type=11 qual=3

20180626b_grad_temp/sig_1530020339_1.2_-8_n l   type=10
20180626b_grad_temp/sig_1530020339_1.2_-8_n ls  type=11
20180626b_grad_temp/sig_1530020456_1.2_-10_n l  type=10
20180626b_grad_temp/sig_1530020456_1.2_-10_n ls type=11

20180626b_grad_temp/sig_1530020593_1.2_-6_n l   type=10
20180626b_grad_temp/sig_1530020709_1.2_-8_n l   type=10
20180626b_grad_temp/sig_1530020709_1.2_-8_n ls  type=11
20180626b_grad_temp/sig_1530020825_1.2_-10_n l  type=11 xmax=0.932

20180626b_grad_temp/sig_1530020962_1.2_-6_n l   type=10
20180626b_grad_temp/sig_1530021079_1.2_-8_n l   type=10

20180626b_grad_temp/sig_1530021601_1.2_-6_n l   type=10

20180626b_grad_temp/sig_1530022087_1.2_-8_n hh  type=5 qual=3
20180626b_grad_temp/sig_1530022087_1.2_-8_n ht  type=4

20180626b_grad_temp/sig_1530022340_1.2_-6_n h   type=4
20180626b_grad_temp/sig_1530022457_1.2_-8_n h   type=5
20180626b_grad_temp/sig_1530022457_1.2_-8_n ht  type=4

20180626b_grad_temp/sig_1530022710_1.2_-6_n h   type=4
20180626b_grad_temp/sig_1530022826_1.2_-8_n h   type=5
20180626b_grad_temp/sig_1530022826_1.2_-8_n ht  type=4

20180626b_grad_temp/sig_1530023079_1.2_-6_n h   type=4
20180626b_grad_temp/sig_1530023196_1.2_-8_n h   type=5
20180626b_grad_temp/sig_1530023196_1.2_-8_n ht  type=4

20180626b_grad_temp/sig_1530023467_1.2_-6_n h   type=4
20180626b_grad_temp/sig_1530023583_1.2_-7_n h   type=6
20180626b_grad_temp/sig_1530023583_1.2_-7_n hh  type=5
20180626b_grad_temp/sig_1530023583_1.2_-7_n ht  type=4
20180626b_grad_temp/sig_1530023699_1.2_-8_n h   type=6
20180626b_grad_temp/sig_1530023699_1.2_-8_n hh  type=5
20180626b_grad_temp/sig_1530023699_1.2_-8_n ht  type=4

20180626b_grad_temp/sig_1530023816_1.2_-6_n h   type=4
20180626b_grad_temp/sig_1530023932_1.2_-7_n h   type=5
20180626b_grad_temp/sig_1530023932_1.2_-7_n ht  type=4
20180626b_grad_temp/sig_1530024048_1.2_-8_n h   type=5

20180626b_grad_temp/sig_1530024164_1.2_-6_n h   type=4
20180626b_grad_temp/sig_1530024164_1.2_-6_n ht  type=0
20180626b_grad_temp/sig_1530024280_1.2_-7_n h   type=4
20180626b_grad_temp/sig_1530024397_1.2_-8_n h   type=8
20180626b_grad_temp/sig_1530024397_1.2_-8_n hh  type=0

20180626b_grad_temp/sig_1530024513_1.2_-6_n h   type=4
20180626b_grad_temp/sig_1530024513_1.2_-6_n ht  type=0
20180626b_grad_temp/sig_1530024629_1.2_-7_n h   type=4
20180626b_grad_temp/sig_1530024629_1.2_-7_n ht  type=0
20180626b_grad_temp/sig_1530024745_1.2_-8_n h   type=4
20180626b_grad_temp/sig_1530024745_1.2_-8_n ht  type=0

20180626b_grad_temp/sig_1530024862_1.2_-6_n h   type=4
20180626b_grad_temp/sig_1530024862_1.2_-6_n ht  type=0
20180626b_grad_temp/sig_1530024978_1.2_-7_n h   type=4
20180626b_grad_temp/sig_1530024978_1.2_-7_n ht  type=0
20180626b_grad_temp/sig_1530025094_1.2_-8_n h   type=4
20180626b_grad_temp/sig_1530025094_1.2_-8_n ht  type=0

20180626b_grad_temp/sig_1530025210_1.2_-6_n h   type=0
20180626b_grad_temp/sig_1530025327_1.2_-7_n h   type=4
20180626b_grad_temp/sig_1530025327_1.2_-7_n ht  type=0
20180626b_grad_temp/sig_1530025443_1.2_-8_n h   type=0

20180626b_grad_temp/sig_1530025675_1.2_-7_n h   type=4
20180626b_grad_temp/sig_1530025675_1.2_-7_n ht  type=0
20180626b_grad_temp/sig_1530025792_1.2_-8_n h   type=4
20180626b_grad_temp/sig_1530025792_1.2_-8_n ht  type=0

20180626b_grad_temp/sig_1530025908_1.2_-6_n h   type=0
20180626b_grad_temp/sig_1530026024_1.2_-7_n h   type=4
20180626b_grad_temp/sig_1530026024_1.2_-7_n ht  type=0
20180626b_grad_temp/sig_1530026141_1.2_-8_n h   type=0

20180626b_grad_temp/sig_1530026258_1.2_-6_n h   type=0
20180626b_grad_temp/sig_1530026374_1.2_-7_n h   type=4
20180626b_grad_temp/sig_1530026374_1.2_-7_n ht  type=0
20180626b_grad_temp/sig_1530026490_1.2_-8_n h   type=0

20180626b_grad_temp/sig_1530026607_1.2_-6_n h   type=0
20180626b_grad_temp/sig_1530026723_1.2_-7_n h   type=4
20180626b_grad_temp/sig_1530026723_1.2_-7_n ht  type=0
20180626b_grad_temp/sig_1530026840_1.2_-8_n h   type=0

20180626b_grad_temp/sig_1530026957_1.2_-6_n h   type=0
20180626b_grad_temp/sig_1530027073_1.2_-7_n h   type=0

20180626b_grad_temp/sig_1530027422_1.2_-7_n h   type=4
20180626b_grad_temp/sig_1530027422_1.2_-7_n ht  type=0

20180626b_grad_temp/sig_1530027771_1.2_-7_n h   type=0

20180626b_grad_temp/sig_1530028120_1.2_-7_n h   type=0
20180626b_grad_temp/sig_1530028120_1.2_-7_n hs  type=4

20180626b_grad_temp/sig_1530028468_1.2_-7_n h   type=0

20180626b_grad_temp/sig_1530028818_1.2_-7_n h   type=0
