xlim 0.3 1.4
ylim 0 2.4
20180701g_temp/sig_1530462988_0.8_-10_n l  type=10 xmax=0.85
20180701g_temp/sig_1530462988_0.8_-10_n ls type=11
20180701g_temp/sig_1530463587_0.8_-10_n l  type=10 xmax=1.1
20180701g_temp/sig_1530463587_0.8_-10_n ls type=11
20180701g_temp/sig_1530464187_0.8_-10_n l  type=10
20180701g_temp/sig_1530464187_0.8_-10_n ls type=11
20180701g_temp/sig_1530464786_0.8_-10_n l  type=10
20180701g_temp/sig_1530464786_0.8_-10_n ls type=11
20180701g_temp/sig_1530465984_0.8_-10_n l  type=10 xmax=0.92
20180701g_temp/sig_1530465984_0.8_-10_n ls type=11
20180701g_temp/sig_1530467782_0.8_-10_n l  type=10 xmax=0.9
20180701g_temp/sig_1530467782_0.8_-10_n ls type=11
20180701g_temp/sig_1530468381_0.8_-10_n l  type=10
20180701g_temp/sig_1530468381_0.8_-10_n ls type=11
20180701g_temp/sig_1530468979_0.8_-10_n l  type=10
20180701g_temp/sig_1530468979_0.8_-10_n ls type=11
20180701g_temp/sig_1530469578_0.8_-10_n h  type=4
20180701g_temp/sig_1530470178_0.8_-10_n h  type=4
20180701g_temp/sig_1530470178_0.8_-10_n hs type=5
