sig_1530439521_1.0_-8_n   002 1.00 -8 l   type=12
sig_1530439521_1.0_-8_n   002 1.00 -8 ls  type=11
sig_1530439760_1.0_0_n    002 1.00 -0 l   type=10 xmax=0.24
sig_1530439898_1.0_-1_n   002 1.00 -1 l   type=10
sig_1530440037_1.0_-2_n   002 1.00 -2 l   type=10
sig_1530440175_1.0_-3_n   002 1.00 -3 l   type=10
sig_1530440314_1.0_-4_n   002 1.00 -4 l   type=10
sig_1530440314_1.0_-4_n   002 1.00 -4 x   type=0
sig_1530440453_1.0_-5_n   002 1.00 -5 l   type=10
sig_1530440453_1.0_-5_n   002 1.00 -5 x   type=0
sig_1530440591_1.0_-6_n   002 1.00 -6 l   type=10
sig_1530440591_1.0_-6_n   002 1.00 -6 x   type=0
sig_1530440730_1.0_-7_n   002 1.00 -7 h   type=0

sig_1530440868_1.0_-8_n   003 1.00 -8 h   type=0
sig_1530441007_1.0_-9_n   003 1.00 -9 h   type=0
sig_1530441146_1.0_-10_n  003 1.00 -10 h  type=0
sig_1530441146_1.0_-10_n  003 1.00 -10 hs type=4
sig_1530441284_1.0_-11_n  003 1.00 -11 h  type=0
sig_1530441284_1.0_-11_n  003 1.00 -11 hh type=7
sig_1530441284_1.0_-11_n  003 1.00 -11 hs type=4
sig_1530441423_1.0_-12_n  003 1.00 -12 h  type=0
sig_1530441423_1.0_-12_n  003 1.00 -12 hs type=4
