xlim 0 1
ylim 0 2.0

sig_1529669450_1.0_-4     002 1.00 -4 h   type=0
sig_1529669588_1.0_-6     002 1.00 -6 h   type=0
sig_1529669727_1.0_-8     002 1.00 -8 h   type=0

sig_1529673242_1.0_-2     003 1.00 -2 l   type=10
sig_1529673383_1.0_-4     003 1.00 -4 l   type=10
sig_1529673522_1.0_-6     003 1.00 -6 h   type=0
sig_1529673522_1.0_-6     003 1.00 -6 l   type=10
sig_1529673663_1.0_-8     003 1.00 -8 h   type=0
sig_1529673663_1.0_-8     003 1.00 -8 l   type=10
sig_1529673805_1.0_-10    003 1.00 -10 h  type=0
sig_1529673805_1.0_-10    003 1.00 -10 l  type=10
sig_1529673805_1.0_-10    003 1.00 -10 ls type=11
sig_1529673945_1.0_-12    003 1.00 -12 l  type=10
sig_1529673945_1.0_-12    003 1.00 -12 ls type=11 xmax=0.63

sig_1529674639_1.0_-16    004 1.00 -16 l  type=11
sig_1529674639_1.0_-16    004 1.00 -16 ls type=10
sig_1529674779_1.0_-14    004 1.00 -14 l  type=11
sig_1529674779_1.0_-14    004 1.00 -14 ls type=10
sig_1529674920_1.0_-12    004 1.00 -12 l  type=11
sig_1529674920_1.0_-12    004 1.00 -12 ls type=10
sig_1529675060_1.0_-10    004 1.00 -10 l  type=10
sig_1529675060_1.0_-10    004 1.00 -10 ls type=11
sig_1529675200_1.0_-8     004 1.00 -8 l   type=10
sig_1529675200_1.0_-8     004 1.00 -8 ls  type=11
sig_1529675338_1.0_-6     004 1.00 -6 l   type=10
sig_1529675478_1.0_-4     004 1.00 -4 l   type=10
sig_1529675618_1.0_-2     004 1.00 -2 l   type=10
sig_1529675758_1.0_0      004 1.00 -0 l   type=10
sig_1529675988_1.0_0      004 1.00 00 l   type=10
sig_1529676127_1.0_2      004 1.00 02 l   type=10

sig_1529676977_1.0_-14    005 1.00 -14 l  type=11
sig_1529676977_1.0_-14    005 1.00 -14 ls type=10
