xlim 0.35 0.8
ylim 0 1.2

20180627b_temp/sig_1530050567_1.2_-8_n h   type=2
20180627b_temp/sig_1530050567_1.2_-8_n hh  type=1
20180627b_temp/sig_1530050567_1.2_-8_n hs  type=4
20180627b_temp/sig_1530050567_1.2_-8_n ht  type=0

20180627b_temp/sig_1530050837_1.2_-8_n h   type=2
20180627b_temp/sig_1530050837_1.2_-8_n hh  type=1
20180627b_temp/sig_1530050837_1.2_-8_n hs  type=4
20180627b_temp/sig_1530050837_1.2_-8_n ht  type=0

20180627b_temp/sig_1530050952_1.2_-8_n h   type=2
20180627b_temp/sig_1530050952_1.2_-8_n hh  type=1
20180627b_temp/sig_1530050952_1.2_-8_n hs  type=4
20180627b_temp/sig_1530050952_1.2_-8_n ht  type=0

20180627b_temp/sig_1530051067_1.2_-8_n h   type=2
20180627b_temp/sig_1530051067_1.2_-8_n hh  type=1
20180627b_temp/sig_1530051067_1.2_-8_n hs  type=4
20180627b_temp/sig_1530051067_1.2_-8_n ht  type=0
20180627b_temp/sig_1530051067_1.2_-8_n hx  type=3

20180627b_temp/sig_1530051183_1.2_-8_n h   type=2
20180627b_temp/sig_1530051183_1.2_-8_n hh  type=1
20180627b_temp/sig_1530051183_1.2_-8_n hs  type=4
20180627b_temp/sig_1530051183_1.2_-8_n ht  type=0
20180627b_temp/sig_1530051183_1.2_-8_n hx  type=3

20180627b_temp/sig_1530051298_1.2_-8_n h   type=2
20180627b_temp/sig_1530051298_1.2_-8_n hh  type=1
20180627b_temp/sig_1530051298_1.2_-8_n hs  type=4
20180627b_temp/sig_1530051298_1.2_-8_n ht  type=0
20180627b_temp/sig_1530051298_1.2_-8_n hx  type=3

20180627b_temp/sig_1530051413_1.2_-8_n h   type=2
20180627b_temp/sig_1530051413_1.2_-8_n hh  type=1
20180627b_temp/sig_1530051413_1.2_-8_n hs  type=4
20180627b_temp/sig_1530051413_1.2_-8_n ht  type=0
20180627b_temp/sig_1530051413_1.2_-8_n hx  type=3

20180627b_temp/sig_1530051528_1.2_-8_n h   type=4
20180627b_temp/sig_1530051528_1.2_-8_n hh  type=1
20180627b_temp/sig_1530051528_1.2_-8_n hs  type=2
20180627b_temp/sig_1530051528_1.2_-8_n ht  type=0

20180627b_temp/sig_1530051643_1.2_-8_n h   type=4
20180627b_temp/sig_1530051643_1.2_-8_n hh  type=1
20180627b_temp/sig_1530051643_1.2_-8_n ht  type=0

20180627b_temp/sig_1530051759_1.2_-8_n h   type=4
20180627b_temp/sig_1530051759_1.2_-8_n hh  type=1
20180627b_temp/sig_1530051759_1.2_-8_n ht  type=0

20180627b_temp/sig_1530051874_1.2_-8_n h   type=4
20180627b_temp/sig_1530051874_1.2_-8_n ht  type=0

20180627b_temp/sig_1530051990_1.2_-8_n h   type=6
20180627b_temp/sig_1530051990_1.2_-8_n hh  type=4
20180627b_temp/sig_1530051990_1.2_-8_n ht  type=0

20180627b_temp/sig_1530052106_1.2_-8_n h   type=6
20180627b_temp/sig_1530052106_1.2_-8_n hh  type=4
20180627b_temp/sig_1530052106_1.2_-8_n ht  type=0

20180627b_temp/sig_1530052221_1.2_-8_n h   type=6
20180627b_temp/sig_1530052221_1.2_-8_n hh  type=4
20180627b_temp/sig_1530052221_1.2_-8_n ht  type=0

20180627b_temp/sig_1530052336_1.2_-8_n h   type=4 qual=3.2
20180627b_temp/sig_1530052336_1.2_-8_n ht  type=0

20180627b_temp/sig_1530052451_1.2_-8_n h   type=4

20180627b_temp/sig_1530053488_1.2_-8_n h   type=4

20180627b_temp/sig_1530053603_1.2_-8_n h   type=4

20180627b_temp/sig_1530053718_1.2_-8_n h   type=4
20180627b_temp/sig_1530053718_1.2_-8_n ht  type=0

20180627b_temp/sig_1530053833_1.2_-8_n h   type=4
20180627b_temp/sig_1530053833_1.2_-8_n hs  type=6
20180627b_temp/sig_1530053833_1.2_-8_n ht  type=0

20180627b_temp/sig_1530053949_1.2_-8_n h   type=4
20180627b_temp/sig_1530053949_1.2_-8_n hs  type=6
20180627b_temp/sig_1530053949_1.2_-8_n ht  type=0

20180627b_temp/sig_1530054064_1.2_-8_n h   type=4
20180627b_temp/sig_1530054064_1.2_-8_n hs  type=6
20180627b_temp/sig_1530054064_1.2_-8_n ht  type=0

20180627b_temp/sig_1530054179_1.2_-8_n h   type=4
20180627b_temp/sig_1530054179_1.2_-8_n hh  type=1
20180627b_temp/sig_1530054179_1.2_-8_n ht  type=0

20180627b_temp/sig_1530054294_1.2_-8_n h   type=4
20180627b_temp/sig_1530054294_1.2_-8_n hh  type=1
20180627b_temp/sig_1530054294_1.2_-8_n ht  type=0

20180627b_temp/sig_1530054410_1.2_-8_n h   type=4
20180627b_temp/sig_1530054410_1.2_-8_n hh  type=1
20180627b_temp/sig_1530054410_1.2_-8_n ht  type=0
20180627b_temp/sig_1530054410_1.2_-8_n hx  type=2

20180627b_temp/sig_1530054525_1.2_-8_n h   type=4
20180627b_temp/sig_1530054525_1.2_-8_n hh  type=1
20180627b_temp/sig_1530054525_1.2_-8_n ht  type=0 xmax=0.475
20180627b_temp/sig_1530054525_1.2_-8_n hx  type=2
20180627b_temp/sig_1530054525_1.2_-8_n x   type=3

20180627b_temp/sig_1530054640_1.2_-8_n h   type=4
20180627b_temp/sig_1530054640_1.2_-8_n hh  type=1
20180627b_temp/sig_1530054640_1.2_-8_n ht  type=0
20180627b_temp/sig_1530054640_1.2_-8_n hx  type=2
20180627b_temp/sig_1530054640_1.2_-8_n x   type=3

20180627b_temp/sig_1530054755_1.2_-8_n h   type=4
20180627b_temp/sig_1530054755_1.2_-8_n hh  type=1
20180627b_temp/sig_1530054755_1.2_-8_n ht  type=0
20180627b_temp/sig_1530054755_1.2_-8_n hx  type=2
20180627b_temp/sig_1530054755_1.2_-8_n x   type=3

20180627b_temp/sig_1530054871_1.2_-8_n h   type=4
20180627b_temp/sig_1530054871_1.2_-8_n hh  type=1
20180627b_temp/sig_1530054871_1.2_-8_n ht  type=0
20180627b_temp/sig_1530054871_1.2_-8_n hx  type=2
20180627b_temp/sig_1530054871_1.2_-8_n x   type=3

20180627b_temp/sig_1530054986_1.2_-8_n h   type=4
20180627b_temp/sig_1530054986_1.2_-8_n hh  type=1
20180627b_temp/sig_1530054986_1.2_-8_n ht  type=0
20180627b_temp/sig_1530054986_1.2_-8_n hx  type=2
20180627b_temp/sig_1530054986_1.2_-8_n x   type=3

20180627b_temp/sig_1530055101_1.2_-8_n hh  type=1
20180627b_temp/sig_1530055101_1.2_-8_n ht  type=0
20180627b_temp/sig_1530055101_1.2_-8_n hx  type=2
20180627b_temp/sig_1530055101_1.2_-8_n x   type=3

20180627b_temp/sig_1530055216_1.2_-8_n h   type=4
20180627b_temp/sig_1530055216_1.2_-8_n ht  type=0

20180627b_temp/sig_1530055332_1.2_-8_n h   type=4
20180627b_temp/sig_1530055332_1.2_-8_n ht  type=0
20180627b_temp/sig_1530055332_1.2_-8_n hx  type=6

20180627b_temp/sig_1530055447_1.2_-8_n h   type=4
20180627b_temp/sig_1530055447_1.2_-8_n ht  type=0

20180627b_temp/sig_1530055562_1.2_-8_n ht  type=0

20180627b_temp/sig_1530055677_1.2_-8_n ht  type=0

20180627b_temp/sig_1530055793_1.2_-8_n ht  type=0

20180627b_temp/sig_1530055908_1.2_-8_n ht  type=0

20180627b_temp/sig_1530056023_1.2_-8_n ht  type=0

20180627b_temp/sig_1530056139_1.2_-8_n ht  type=0

20180627b_temp/sig_1530056254_1.2_-8_n ht  type=0

20180627b_temp/sig_1530056369_1.2_-8_n ht  type=0

20180627b_temp/sig_1530056484_1.2_-8_n ht  type=0 xmin=0.03

20180627b_temp/sig_1530056945_1.2_-8_n ht  type=0

