xlim -1 -0
ylim 0 1.4
20180615b_temp_exc/sig_1529052311_0.8_-8 h   type=6
20180615b_temp_exc/sig_1529052311_0.8_-8 hh  type=5
20180615b_temp_exc/sig_1529052311_0.8_-8 ht  type=4
20180615b_temp_exc/sig_1529053652_0.8_-8 h   type=4
20180615b_temp_exc/sig_1529053652_0.8_-8 hh  type=6
20180615b_temp_exc/sig_1529053652_0.8_-8 hs  type=9
20180615b_temp_exc/sig_1529053652_0.8_-8 ht  type=0
20180615b_temp_exc/sig_1529054039_0.8_-8 h   type=4
20180615b_temp_exc/sig_1529054039_0.8_-8 hh  type=9
20180615b_temp_exc/sig_1529054039_0.8_-8 hs  type=6
20180615b_temp_exc/sig_1529054039_0.8_-8 ht  type=0
20180615b_temp_exc/sig_1529054807_0.8_-8 h   type=0
20180615b_temp_exc/sig_1529055195_0.8_-8 h   type=4
20180615b_temp_exc/sig_1529055195_0.8_-8 hh  type=6
20180615b_temp_exc/sig_1529055195_0.8_-8 hs  type=9
20180615b_temp_exc/sig_1529055195_0.8_-8 ht  type=0
20180615b_temp_exc/sig_1529055582_0.8_-8 h   type=4
20180615b_temp_exc/sig_1529055582_0.8_-8 hh  type=6
20180615b_temp_exc/sig_1529055582_0.8_-8 hs  type=9
20180615b_temp_exc/sig_1529055582_0.8_-8 ht  type=0
20180615b_temp_exc/sig_1529055970_0.8_-8 h   type=4
20180615b_temp_exc/sig_1529055970_0.8_-8 hh  type=6
20180615b_temp_exc/sig_1529055970_0.8_-8 hs  type=9
20180615b_temp_exc/sig_1529055970_0.8_-8 ht  type=0
20180615b_temp_exc/sig_1529055970_0.8_-8 hu  type=7
20180615b_temp_exc/sig_1529056737_0.8_-8 h   type=4
20180615b_temp_exc/sig_1529056737_0.8_-8 hs  type=6
20180615b_temp_exc/sig_1529057513_0.8_-8 h   type=6 xmax=-0.46
20180615b_temp_exc/sig_1529058287_0.8_-8 h   type=6
20180615b_temp_exc/sig_1529058676_0.8_-8 h   type=6
20180615b_temp_exc/sig_1529059053_0.8_-8 l   type=10
20180615b_temp_exc/sig_1529059053_0.8_-8 ls  type=11
20180615b_temp_exc/sig_1529059438_0.8_-8 l   type=10
20180615b_temp_exc/sig_1529059438_0.8_-8 ls  type=11
20180615b_temp_exc/sig_1529059825_0.8_-8 l   type=10
20180615b_temp_exc/sig_1529059825_0.8_-8 ls  type=11
20180615b_temp_exc/sig_1529060206_0.8_-8 l   type=10
20180615b_temp_exc/sig_1529060206_0.8_-8 ls  type=11
20180615b_temp_exc/sig_1529060591_0.8_-8 l   type=10
20180615b_temp_exc/sig_1529060976_0.8_-8 l   type=10 xmax=-0.400
20180615b_temp_exc/sig_1529060976_0.8_-8 ls  type=11
20180615b_temp_exc/sig_1529061367_0.8_-8 l   type=10
20180615b_temp_exc/sig_1529061367_0.8_-8 ls  type=11
20180615b_temp_exc/sig_1529061757_0.8_-8 l   type=10 xmax=-0.425
20180615b_temp_exc/sig_1529062146_0.8_-8 h   type=4
20180615b_temp_exc/sig_1529062146_0.8_-8 l   type=10 xmax=-0.450
20180615b_temp_exc/sig_1529062531_0.8_-8 h   type=4
20180615b_temp_exc/sig_1529062531_0.8_-8 l   type=10
20180615b_temp_exc/sig_1529062923_0.8_-8 h   type=4
20180615b_temp_exc/sig_1529062923_0.8_-8 l   type=11
20180615b_temp_exc/sig_1529063306_0.8_-8 h   type=4
20180615b_temp_exc/sig_1529063306_0.8_-8 hs  type=6
20180615b_temp_exc/sig_1529063306_0.8_-8 ht  type=5
20180615b_temp_exc/sig_1529063691_0.8_-8 h   type=4
20180615b_temp_exc/sig_1529063691_0.8_-8 hh  type=5
20180615b_temp_exc/sig_1529063691_0.8_-8 hs  type=6
20180615b_temp_exc/sig_1529064072_0.8_-8 h   type=4
20180615b_temp_exc/sig_1529064072_0.8_-8 hh  type=5
20180615b_temp_exc/sig_1529064072_0.8_-8 hs  type=9
20180615b_temp_exc/sig_1529064072_0.8_-8 ht  type=0
20180615b_temp_exc/sig_1529064072_0.8_-8 hu  type=6
20180615b_temp_exc/sig_1529064463_0.8_-8 h   type=4
20180615b_temp_exc/sig_1529064463_0.8_-8 hh  type=6
20180615b_temp_exc/sig_1529064463_0.8_-8 hs  type=5
20180615b_temp_exc/sig_1529064463_0.8_-8 ht  type=0
20180615b_temp_exc/sig_1529064854_0.8_-8 h   type=4
20180615b_temp_exc/sig_1529064854_0.8_-8 ht  type=0
20180615b_temp_exc/sig_1529065241_0.8_-8 h   type=4
20180615b_temp_exc/sig_1529065241_0.8_-8 ht  type=0
20180615b_temp_exc/sig_1529065630_0.8_-8 h   type=0
20180615b_temp_exc/sig_1529065630_0.8_-8 hh  type=4
20180615b_temp_exc/sig_1529066013_0.8_-8 h   type=4
20180615b_temp_exc/sig_1529066013_0.8_-8 ht  type=0
20180615b_temp_exc/sig_1529066400_0.8_-8 h   type=4
20180615b_temp_exc/sig_1529066400_0.8_-8 ht  type=0
20180615b_temp_exc/sig_1529066785_0.8_-8 h   type=4
20180615b_temp_exc/sig_1529066785_0.8_-8 ht  type=0
20180615b_temp_exc/sig_1529067172_0.8_-8 h   type=0
20180615b_temp_exc/sig_1529067172_0.8_-8 ht  type=4
20180615b_temp_exc/sig_1529067555_0.8_-8 h   type=0
20180615b_temp_exc/sig_1529067555_0.8_-8 ht  type=4
20180615b_temp_exc/sig_1529067939_0.8_-8 h   type=0
20180615b_temp_exc/sig_1529067939_0.8_-8 ht  type=4
20180615b_temp_exc/sig_1529068322_0.8_-8 h   type=0
20180615b_temp_exc/sig_1529068322_0.8_-8 ht  type=4
20180615b_temp_exc/sig_1529068710_0.8_-8 h   type=0
20180615b_temp_exc/sig_1529069097_0.8_-8 h   type=0
20180615b_temp_exc/sig_1529069097_0.8_-8 ht  type=9
