xlim 0.3 1.4
ylim 0 2.4
20180701g_temp/sig_1530461951_1.2_-8_n h   type=4
20180701g_temp/sig_1530461951_1.2_-8_n ht  type=0
20180701g_temp/sig_1530462550_1.2_-8_n h   type=4
20180701g_temp/sig_1530462550_1.2_-8_n l   type=10 xmax=0.87
20180701g_temp/sig_1530462550_1.2_-8_n ls  type=11
20180701g_temp/sig_1530462550_1.2_-8_n lx  type=12
20180701g_temp/sig_1530463149_1.2_-8_n l   type=10 xmax=0.95
20180701g_temp/sig_1530463149_1.2_-8_n ls  type=11
20180701g_temp/sig_1530463748_1.2_-8_n l   type=10 xmax=1.1
20180701g_temp/sig_1530463748_1.2_-8_n ls  type=11
20180701g_temp/sig_1530464348_1.2_-8_n h   type=4
20180701g_temp/sig_1530464348_1.2_-8_n l   type=10 xmax=1.1
20180701g_temp/sig_1530464348_1.2_-8_n ls  type=11
20180701g_temp/sig_1530464947_1.2_-8_n l   type=10 xmax=1.2
20180701g_temp/sig_1530464947_1.2_-8_n ls  type=11
20180701g_temp/sig_1530465546_1.2_-8_n l   type=10 xmax=1.1
20180701g_temp/sig_1530465546_1.2_-8_n ls  type=11
20180701g_temp/sig_1530467943_1.2_-8_n l   type=10 xmax=1.1
20180701g_temp/sig_1530467943_1.2_-8_n ls  type=11
20180701g_temp/sig_1530468542_1.2_-8_n l   type=10 xmax=0.95
20180701g_temp/sig_1530468542_1.2_-8_n ls  type=11
20180701g_temp/sig_1530469140_1.2_-8_n l   type=10
20180701g_temp/sig_1530469140_1.2_-8_n ls  type=11
20180701g_temp/sig_1530469739_1.2_-8_n l   type=10
20180701g_temp/sig_1530470340_1.2_-8_n h   type=4
20180701g_temp/sig_1530470940_1.2_-8_n h   type=4
20180701g_temp/sig_1530470940_1.2_-8_n hh  type=6
20180701g_temp/sig_1530470940_1.2_-8_n hs  type=8
20180701g_temp/sig_1530471538_1.2_-8_n h   type=4
20180701g_temp/sig_1530471538_1.2_-8_n hh  type=1
20180701g_temp/sig_1530471538_1.2_-8_n hs  type=2
20180701g_temp/sig_1530471538_1.2_-8_n ht  type=0
20180701g_temp/sig_1530472137_1.2_-8_n h   type=2
20180701g_temp/sig_1530472137_1.2_-8_n hh  type=1
20180701g_temp/sig_1530472137_1.2_-8_n hs  type=4
20180701g_temp/sig_1530472137_1.2_-8_n hss type=5
20180701g_temp/sig_1530472137_1.2_-8_n ht  type=0
20180701g_temp/sig_1530472745_1.2_-8_n h   type=4
20180701g_temp/sig_1530472745_1.2_-8_n hs  type=5
20180701g_temp/sig_1530474543_1.2_-8_n h   type=4
20180701g_temp/sig_1530475741_1.2_-8_n h   type=4
20180701g_temp/sig_1530475741_1.2_-8_n hs  type=5
