xlim 0.4 1.2
ylim 0 1.1

20180701c_exc/sig_1530445069_0.80_-8_n h   type=5
20180701c_exc/sig_1530445069_0.80_-8_n ht  type=0
20180701c_exc/sig_1530445194_0.82_-8_n h   type=5
20180701c_exc/sig_1530445194_0.82_-8_n ht  type=4
20180701c_exc/sig_1530445318_0.84_-8_n h   type=5
20180701c_exc/sig_1530445318_0.84_-8_n ht  type=4
20180701c_exc/sig_1530445443_0.86_-8_n h   type=5
20180701c_exc/sig_1530445443_0.86_-8_n ht  type=4
20180701c_exc/sig_1530445567_0.88_-8_n ht  type=4
20180701c_exc/sig_1530445691_0.90_-8_n ht  type=4
20180701c_exc/sig_1530445816_0.92_-8_n ht  type=4
20180701c_exc/sig_1530445940_0.94_-8_n ht  type=4
20180701c_exc/sig_1530446064_0.96_-8_n h   type=4
20180701c_exc/sig_1530446189_0.98_-8_n ht  type=4
20180701c_exc/sig_1530446313_1.00_-8_n ht  type=4
20180701c_exc/sig_1530446437_1.02_-8_n h   type=4
20180701c_exc/sig_1530446562_1.04_-8_n h   type=4
20180701c_exc/sig_1530446562_1.04_-8_n hs  type=6
20180701c_exc/sig_1530446689_1.06_-8_n h   type=4
20180701c_exc/sig_1530446689_1.06_-8_n ht  type=0
20180701c_exc/sig_1530446814_1.08_-8_n h   type=6
20180701c_exc/sig_1530446814_1.08_-8_n hh  type=4
20180701c_exc/sig_1530446814_1.08_-8_n ht  type=0
20180701c_exc/sig_1530446938_1.10_-8_n h   type=4
20180701c_exc/sig_1530446938_1.10_-8_n hs  type=6
20180701c_exc/sig_1530446938_1.10_-8_n ht  type=0
20180701c_exc/sig_1530447063_1.12_-8_n h   type=4
20180701c_exc/sig_1530447063_1.12_-8_n hs  type=6
20180701c_exc/sig_1530447063_1.12_-8_n ht  type=0
20180701c_exc/sig_1530447187_1.14_-8_n h   type=4
20180701c_exc/sig_1530447187_1.14_-8_n ht  type=0
20180701c_exc/sig_1530447312_1.16_-8_n h   type=4
20180701c_exc/sig_1530447312_1.16_-8_n ht  type=0
20180701c_exc/sig_1530447436_1.18_-8_n h   type=4
20180701c_exc/sig_1530447436_1.18_-8_n ht  type=0
20180701c_exc/sig_1530447560_1.20_-8_n h   type=4
20180701c_exc/sig_1530447560_1.20_-8_n hh  type=1
20180701c_exc/sig_1530447560_1.20_-8_n ht  type=0
20180701c_exc/sig_1530447687_1.22_-8_n h   type=4
20180701c_exc/sig_1530447687_1.22_-8_n hh  type=1
20180701c_exc/sig_1530447687_1.22_-8_n hs  type=2
20180701c_exc/sig_1530447687_1.22_-8_n ht  type=0
20180701c_exc/sig_1530447812_1.24_-8_n h   type=4
20180701c_exc/sig_1530447812_1.24_-8_n hh  type=1
20180701c_exc/sig_1530447812_1.24_-8_n hs  type=2
20180701c_exc/sig_1530447936_1.26_-8_n h   type=4
20180701c_exc/sig_1530447936_1.26_-8_n hh  type=1
20180701c_exc/sig_1530447936_1.26_-8_n hs  type=2
20180701c_exc/sig_1530447936_1.26_-8_n ht  type=0
20180701c_exc/sig_1530448061_1.28_-8_n h   type=4
20180701c_exc/sig_1530448061_1.28_-8_n hh  type=1
20180701c_exc/sig_1530448061_1.28_-8_n hs  type=2
20180701c_exc/sig_1530448061_1.28_-8_n ht  type=0
20180701c_exc/sig_1530448061_1.28_-8_n hu  type=7
20180701c_exc/sig_1530448186_1.30_-8_n h   type=4
20180701c_exc/sig_1530448186_1.30_-8_n hh  type=1
20180701c_exc/sig_1530448186_1.30_-8_n hs  type=2
20180701c_exc/sig_1530448186_1.30_-8_n ht  type=0
20180701c_exc/sig_1530448310_1.32_-8_n h   type=4
20180701c_exc/sig_1530448310_1.32_-8_n hh  type=1
20180701c_exc/sig_1530448310_1.32_-8_n hs  type=2
20180701c_exc/sig_1530448310_1.32_-8_n ht  type=0
20180701c_exc/sig_1530448434_1.34_-8_n h   type=4
20180701c_exc/sig_1530448434_1.34_-8_n hh  type=1
20180701c_exc/sig_1530448434_1.34_-8_n hs  type=2
20180701c_exc/sig_1530448434_1.34_-8_n ht  type=0
20180701c_exc/sig_1530448559_1.36_-8_n h   type=4
20180701c_exc/sig_1530448559_1.36_-8_n hh  type=1
20180701c_exc/sig_1530448559_1.36_-8_n hs  type=2
20180701c_exc/sig_1530448559_1.36_-8_n ht  type=0
