xlim 0.4 1.2
ylim 0 1.4

20180701b_exc/sig_1530441980_0.7_-8_n h   type=0
20180701b_exc/sig_1530442143_0.8_-8_n h   type=0

20180701b_exc/sig_1530442725_0.7_-8_n l   type=10
20180701b_exc/sig_1530442884_0.8_-8_n l   type=10
20180701b_exc/sig_1530443043_0.9_-8_n l   type=10
20180701b_exc/sig_1530443202_1.0_-8_n l   type=10
20180701b_exc/sig_1530443361_1.2_-8_n l   type=10
20180701b_exc/sig_1530443520_1.4_-8_n l   type=10
20180701b_exc/sig_1530443679_1.6_-8_n h   type=4
20180701b_exc/sig_1530443679_1.6_-8_n ht  type=0

20180701b_exc/sig_1530443838_1.8_-8_n h   type=4
20180701b_exc/sig_1530443838_1.8_-8_n hh  type=6
20180701b_exc/sig_1530443838_1.8_-8_n ht  type=7

20180701b_exc/sig_1530443997_2.0_-8_n h   type=7
20180701b_exc/sig_1530443997_2.0_-8_n ht  type=4

20180701b_exc/sig_1530444156_2.2_-8_n h   type=7
20180701b_exc/sig_1530444156_2.2_-8_n hh  type=4
20180701b_exc/sig_1530444156_2.2_-8_n ht  type=1
