sig_1528805717_1.4_-7     001 1.40 -7 h   type=2
sig_1528805717_1.4_-7     001 1.40 -7 hh  type=1
sig_1528805717_1.4_-7     001 1.40 -7 ht  type=0
sig_1528805717_1.4_-7     001 1.40 -7 hx  type=4
sig_1528805826_1.4_-8     001 1.40 -8 h   type=2
sig_1528805826_1.4_-8     001 1.40 -8 hh  type=1
sig_1528805826_1.4_-8     001 1.40 -8 ht  type=0
sig_1528805826_1.4_-8     001 1.40 -8 hx  type=4
sig_1528805935_1.4_-9     001 1.40 -9 h   type=1
sig_1528805935_1.4_-9     001 1.40 -9 ht  type=0
sig_1528806117_1.4_-5     001 1.40 -5 ht  type=0
sig_1528806224_1.4_-6     001 1.40 -6 h   type=4
sig_1528806224_1.4_-6     001 1.40 -6 hh  type=1
sig_1528806224_1.4_-6     001 1.40 -6 ht  type=0
sig_1528806224_1.4_-6     001 1.40 -6 hx  type=2

sig_1528806333_1.4_-7     002 1.40 -7 h   type=2
sig_1528806333_1.4_-7     002 1.40 -7 hh  type=1
sig_1528806333_1.4_-7     002 1.40 -7 ht  type=0
sig_1528806333_1.4_-7     002 1.40 -7 hx  type=4
sig_1528806443_1.4_-8     002 1.40 -8 h   type=2
sig_1528806443_1.4_-8     002 1.40 -8 hh  type=1
sig_1528806443_1.4_-8     002 1.40 -8 ht  type=0
sig_1528806552_1.4_-9     002 1.40 -9 ht  type=0
sig_1528806669_1.4_-5     002 1.40 -5 ht  type=0
sig_1528806776_1.4_-6     002 1.40 -6 ht  type=0

sig_1528806885_1.4_-7     003 1.40 -7 h   type=1
sig_1528806885_1.4_-7     003 1.40 -7 hh  type=2
sig_1528806885_1.4_-7     003 1.40 -7 ht  type=0
sig_1528806993_1.4_-8     003 1.40 -8 h   type=2
sig_1528806993_1.4_-8     003 1.40 -8 hh  type=1
sig_1528806993_1.4_-8     003 1.40 -8 ht  type=0
sig_1528807103_1.4_-9     003 1.40 -9 ht  type=0
sig_1528807220_1.4_-5     003 1.40 -5 h   type=0
sig_1528807465_0.8_-5     003 0.80 -5 ht  type=0
sig_1528807574_0.8_-6     003 0.80 -6 ht  type=0
sig_1528807681_0.8_-7     003 0.80 -7 h   type=4
sig_1528807681_0.8_-7     003 0.80 -7 ht  type=0
sig_1528807791_0.8_-8     003 0.80 -8 h   type=4
sig_1528807791_0.8_-8     003 0.80 -8 ht  type=0
sig_1528807901_0.8_-9     003 0.80 -9 h   type=4
sig_1528807901_0.8_-9     003 0.80 -9 ht  type=0
sig_1528808074_1.0_-5     003 1.00 -5 ht  type=2
sig_1528808074_1.0_-5     003 1.00 -5 l   type=10
sig_1528808182_1.0_-6     003 1.00 -6 ht  type=2
sig_1528808182_1.0_-6     003 1.00 -6 l   type=10
sig_1528808290_1.0_-7     003 1.00 -7 l   type=10
sig_1528808398_1.0_-8     003 1.00 -8 ht  type=2
sig_1528808398_1.0_-8     003 1.00 -8 l   type=10
sig_1528808507_1.0_-9     003 1.00 -9 ht  type=2
sig_1528808507_1.0_-9     003 1.00 -9 l   type=10

sig_1528808678_1.4_-5     004 1.40 -5 l   type=10
sig_1528809779_1.0_-3     004 1.00 -3 l   type=10
sig_1528809887_1.0_-4     004 1.00 -4 l   type=10
sig_1528809997_1.0_-5     004 1.00 -5 l   type=10
sig_1528810102_1.0_-6     004 1.00 -6 h   type=1
sig_1528810102_1.0_-6     004 1.00 -6 l   type=10
sig_1528810210_1.0_-7     004 1.00 -7 h   type=2
sig_1528810210_1.0_-7     004 1.00 -7 ht  type=1
sig_1528810210_1.0_-7     004 1.00 -7 l   type=10
sig_1528810318_1.0_-8     004 1.00 -8 ht  type=1
sig_1528810318_1.0_-8     004 1.00 -8 l   type=10
sig_1528810423_1.0_-9     004 1.00 -9 ht  type=1
sig_1528810423_1.0_-9     004 1.00 -9 l   type=10
sig_1528810530_1.0_-10    004 1.00 -10 h  type=4
sig_1528810530_1.0_-10    004 1.00 -10 ht type=1
sig_1528810639_1.0_-11    004 1.00 -11 h  type=4
sig_1528810639_1.0_-11    004 1.00 -11 ht type=1
sig_1528810745_1.0_-12    004 1.00 -12 h  type=4
sig_1528810745_1.0_-12    004 1.00 -12 ht type=1

sig_1528811075_1.0_-5     005 1.00 -5 ht  type=2
sig_1528811183_1.0_-6     005 1.00 -6 ht  type=2
sig_1528811291_1.0_-7     005 1.00 -7 h   type=1
sig_1528811291_1.0_-7     005 1.00 -7 ht  type=2
sig_1528811399_1.0_-8     005 1.00 -8 h   type=1
sig_1528811399_1.0_-8     005 1.00 -8 ht  type=2
sig_1528811508_1.0_-9     005 1.00 -9 ht  type=2
sig_1528811614_1.0_-10    005 1.00 -10 h  type=1
sig_1528811614_1.0_-10    005 1.00 -10 hs type=4
sig_1528811614_1.0_-10    005 1.00 -10 ht type=2
sig_1528811721_1.0_-11    005 1.00 -11 h  type=1
sig_1528811721_1.0_-11    005 1.00 -11 hs type=4
sig_1528811721_1.0_-11    005 1.00 -11 ht type=2

sig_1528812160_1.0_-5     006 1.00 -5 ht  type=5
sig_1528812267_1.0_-6     006 1.00 -6 h   type=5
sig_1528812267_1.0_-6     006 1.00 -6 ht  type=0
sig_1528812375_1.0_-7     006 1.00 -7 h   type=5
sig_1528812375_1.0_-7     006 1.00 -7 hs  type=4
sig_1528812375_1.0_-7     006 1.00 -7 ht  type=0
sig_1528812485_1.0_-8     006 1.00 -8 h   type=5
sig_1528812485_1.0_-8     006 1.00 -8 hs  type=4
sig_1528812485_1.0_-8     006 1.00 -8 ht  type=0
sig_1528812593_1.0_-9     006 1.00 -9 h   type=5
sig_1528812593_1.0_-9     006 1.00 -9 hs  type=4
sig_1528812593_1.0_-9     006 1.00 -9 ht  type=0
sig_1528812703_1.0_-10    006 1.00 -10 h  type=4
sig_1528812703_1.0_-10    006 1.00 -10 hh type=5
sig_1528812703_1.0_-10    006 1.00 -10 hs type=6
sig_1528812703_1.0_-10    006 1.00 -10 ht type=0

sig_1528813138_1.0_-4     007 1.00 -4 ht  type=0
sig_1528813246_1.0_-5     007 1.00 -5 h   type=4
sig_1528813246_1.0_-5     007 1.00 -5 ht  type=0
sig_1528813353_1.0_-6     007 1.00 -6 h   type=4
sig_1528813353_1.0_-6     007 1.00 -6 ht  type=0
sig_1528813461_1.0_-7     007 1.00 -7 h   type=4
sig_1528813461_1.0_-7     007 1.00 -7 hh  type=1
sig_1528813461_1.0_-7     007 1.00 -7 ht  type=0
sig_1528813568_1.0_-8     007 1.00 -8 h   type=4
sig_1528813568_1.0_-8     007 1.00 -8 hh  type=1
sig_1528813568_1.0_-8     007 1.00 -8 hs  type=5
sig_1528813568_1.0_-8     007 1.00 -8 ht  type=0
sig_1528813568_1.0_-8     007 1.00 -8 hx  type=2
sig_1528813673_1.0_-9     007 1.00 -9 h   type=4
sig_1528813673_1.0_-9     007 1.00 -9 hh  type=1
sig_1528813673_1.0_-9     007 1.00 -9 hs  type=5
sig_1528813673_1.0_-9     007 1.00 -9 ht  type=0
sig_1528813780_1.0_-10    007 1.00 -10 ht type=0

sig_1528814107_1.0_-3     008 1.00 -3 ht  type=0
sig_1528814214_1.0_-4     008 1.00 -4 h   type=0
sig_1528814320_1.0_-5     008 1.00 -5 h   type=4
sig_1528814320_1.0_-5     008 1.00 -5 ht  type=0
sig_1528814427_1.0_-6     008 1.00 -6 h   type=4
sig_1528814427_1.0_-6     008 1.00 -6 ht  type=0
sig_1528814536_1.0_-7     008 1.00 -7 h   type=4
sig_1528814536_1.0_-7     008 1.00 -7 hh  type=2
sig_1528814536_1.0_-7     008 1.00 -7 ht  type=0
sig_1528814644_1.0_-8     008 1.00 -8 h   type=4
sig_1528814644_1.0_-8     008 1.00 -8 hh  type=2
sig_1528814644_1.0_-8     008 1.00 -8 hs  type=5
sig_1528814644_1.0_-8     008 1.00 -8 ht  type=0
sig_1528814644_1.0_-8     008 1.00 -8 hx  type=1
sig_1528814752_1.0_-9     008 1.00 -9 h   type=4
sig_1528814752_1.0_-9     008 1.00 -9 ht  type=0

sig_1528815405_1.0_-5     009 1.00 -5 ht  type=0
sig_1528815512_1.0_-6     009 1.00 -6 ht  type=0
sig_1528815617_1.0_-7     009 1.00 -7 ht  type=0
sig_1528815725_1.0_-8     009 1.00 -8 ht  type=0
sig_1528815833_1.0_-9     009 1.00 -9 ht  type=0

sig_1528816377_1.0_-4     010 1.00 -4 ht  type=0
sig_1528816485_1.0_-5     010 1.00 -5 h   type=0
sig_1528816592_1.0_-6     010 1.00 -6 ht  type=0
sig_1528816697_1.0_-7     010 1.00 -7 ht  type=0
sig_1528816804_1.0_-8     010 1.00 -8 ht  type=0
sig_1528816913_1.0_-9     010 1.00 -9 ht  type=0

sig_1528817459_1.0_-4     011 1.00 -4 ht  type=0
sig_1528817567_1.0_-5     011 1.00 -5 ht  type=0
sig_1528817672_1.0_-6     011 1.00 -6 ht  type=0
sig_1528817778_1.0_-7     011 1.00 -7 ht  type=0
sig_1528817885_1.0_-8     011 1.00 -8 ht  type=0
sig_1528817992_1.0_-9     011 1.00 -9 ht  type=0

sig_1528818585_1.0_-6     012 1.00 -6 ht  type=0
sig_1528818692_1.0_-7     012 1.00 -7 ht  type=0

sig_1528820505_1.0_-8     015 1.00 -8 ht  type=0


