sig_1530461652_0.8_-8_n   001 0.80 -8 h   type=6
sig_1530461652_0.8_-8_n   001 0.80 -8 hs  type=4
sig_1530461652_0.8_-8_n   001 0.80 -8 ht  type=0
sig_1530461951_1.2_-8_n   001 1.20 -8 h   type=4
sig_1530461951_1.2_-8_n   001 1.20 -8 ht  type=0
sig_1530462090_1.2_-10_n  001 1.20 -10 h  type=5
sig_1530462090_1.2_-10_n  001 1.20 -10 ha type=4

sig_1530462251_0.8_-8_n   002 0.80 -8 h   type=4
sig_1530462251_0.8_-8_n   002 0.80 -8 x   type=6
sig_1530462550_1.2_-8_n   002 1.20 -8 h   type=4
sig_1530462550_1.2_-8_n   002 1.20 -8 l   type=10 xmax=0.87
sig_1530462550_1.2_-8_n   002 1.20 -8 ls  type=11
sig_1530462550_1.2_-8_n   002 1.20 -8 lx  type=12
sig_1530462689_1.2_-10_n  002 1.20 -10 h  type=5
sig_1530462689_1.2_-10_n  002 1.20 -10 ht type=4
sig_1530462689_1.2_-10_n  002 1.20 -10 l  type=10
sig_1530462689_1.2_-10_n  002 1.20 -10 ls type=11

sig_1530462850_0.8_-8_n   003 0.80 -8 l   type=10
sig_1530462850_0.8_-8_n   003 0.80 -8 ls  type=11
sig_1530462988_0.8_-10_n  003 0.80 -10 l  type=10 xmax=0.85
sig_1530462988_0.8_-10_n  003 0.80 -10 ls type=11
sig_1530463149_1.2_-8_n   003 1.20 -8 l   type=10 xmax=0.95
sig_1530463149_1.2_-8_n   003 1.20 -8 ls  type=11
sig_1530463288_1.2_-10_n  003 1.20 -10 l  type=10 xmax=1.1
sig_1530463288_1.2_-10_n  003 1.20 -10 ls type=11

sig_1530463448_0.8_-8_n   004 0.80 -8 l   type=10 xmax=0.88
sig_1530463448_0.8_-8_n   004 0.80 -8 ls  type=11
sig_1530463587_0.8_-10_n  004 0.80 -10 l  type=10 xmax=1.1
sig_1530463587_0.8_-10_n  004 0.80 -10 ls type=11
sig_1530463748_1.2_-8_n   004 1.20 -8 l   type=10 xmax=1.1
sig_1530463748_1.2_-8_n   004 1.20 -8 ls  type=11
sig_1530463887_1.2_-10_n  004 1.20 -10 l  type=10 xmax=1.1
sig_1530463887_1.2_-10_n  004 1.20 -10 ls type=11

sig_1530464048_0.8_-8_n   005 0.80 -8 l   type=10
sig_1530464048_0.8_-8_n   005 0.80 -8 ls  type=11
sig_1530464187_0.8_-10_n  005 0.80 -10 l  type=10
sig_1530464187_0.8_-10_n  005 0.80 -10 ls type=11
sig_1530464348_1.2_-8_n   005 1.20 -8 h   type=4
sig_1530464348_1.2_-8_n   005 1.20 -8 l   type=10 xmax=1.1
sig_1530464348_1.2_-8_n   005 1.20 -8 ls  type=11
sig_1530464486_1.2_-10_n  005 1.20 -10 l  type=11 xmax=1.1
sig_1530464486_1.2_-10_n  005 1.20 -10 ls type=11

sig_1530464647_0.8_-8_n   006 0.80 -8 l   type=10 xmax=0.82
sig_1530464647_0.8_-8_n   006 0.80 -8 ls  type=11
sig_1530464786_0.8_-10_n  006 0.80 -10 l  type=10
sig_1530464786_0.8_-10_n  006 0.80 -10 ls type=11
sig_1530464947_1.2_-8_n   006 1.20 -8 l   type=10 xmax=1.2
sig_1530464947_1.2_-8_n   006 1.20 -8 ls  type=11
sig_1530465086_1.2_-10_n  006 1.20 -10 l  type=10 xmax=1.1
sig_1530465086_1.2_-10_n  006 1.20 -10 ls type=11

sig_1530465246_0.8_-8_n   007 0.80 -8 l   type=10
sig_1530465246_0.8_-8_n   007 0.80 -8 ls  type=11
sig_1530465546_1.2_-8_n   007 1.20 -8 l   type=10 xmax=1.1
sig_1530465546_1.2_-8_n   007 1.20 -8 ls  type=11
sig_1530465685_1.2_-10_n  007 1.20 -10 l  type=10 xmax=1.1
sig_1530465685_1.2_-10_n  007 1.20 -10 ls type=11

sig_1530465845_0.8_-8_n   008 0.80 -8 l   type=10
sig_1530465845_0.8_-8_n   008 0.80 -8 ls  type=11
sig_1530465984_0.8_-10_n  008 0.80 -10 l  type=10 xmax=0.92
sig_1530465984_0.8_-10_n  008 0.80 -10 ls type=11


sig_1530467482_1.2_-10_n  010 1.20 -10 l  type=10 xmax=1.15
sig_1530467482_1.2_-10_n  010 1.20 -10 ls type=11

sig_1530467643_0.8_-8_n   011 0.80 -8 l   type=10 xmax=0.8
sig_1530467643_0.8_-8_n   011 0.80 -8 ls  type=11
sig_1530467782_0.8_-10_n  011 0.80 -10 l  type=10 xmax=0.9
sig_1530467782_0.8_-10_n  011 0.80 -10 ls type=11
sig_1530467943_1.2_-8_n   011 1.20 -8 l   type=10 xmax=1.1
sig_1530467943_1.2_-8_n   011 1.20 -8 ls  type=11
sig_1530468081_1.2_-10_n  011 1.20 -10 l  type=10 xmax=1.05
sig_1530468081_1.2_-10_n  011 1.20 -10 ls type=11

sig_1530468242_0.8_-8_n   012 0.80 -8 l   type=10
sig_1530468242_0.8_-8_n   012 0.80 -8 ls  type=11
sig_1530468381_0.8_-10_n  012 0.80 -10 l  type=10
sig_1530468381_0.8_-10_n  012 0.80 -10 ls type=11
sig_1530468542_1.2_-8_n   012 1.20 -8 l   type=10 xmax=0.95
sig_1530468542_1.2_-8_n   012 1.20 -8 ls  type=11
sig_1530468680_1.2_-10_n  012 1.20 -10 l  type=10
sig_1530468680_1.2_-10_n  012 1.20 -10 ls type=11

sig_1530468841_0.8_-8_n   013 0.80 -8 l   type=10
sig_1530468979_0.8_-10_n  013 0.80 -10 l  type=10
sig_1530468979_0.8_-10_n  013 0.80 -10 ls type=11
sig_1530469140_1.2_-8_n   013 1.20 -8 l   type=10
sig_1530469140_1.2_-8_n   013 1.20 -8 ls  type=11
sig_1530469279_1.2_-10_n  013 1.20 -10 l  type=10
sig_1530469279_1.2_-10_n  013 1.20 -10 ls type=11

sig_1530469440_0.8_-8_n   014 0.80 -8 h   type=4
sig_1530469578_0.8_-10_n  014 0.80 -10 h  type=4
sig_1530469739_1.2_-8_n   014 1.20 -8 l   type=10
sig_1530469878_1.2_-10_n  014 1.20 -10 l  type=10

sig_1530470039_0.8_-8_n   015 0.80 -8 h   type=4
sig_1530470039_0.8_-8_n   015 0.80 -8 hs  type=5
sig_1530470178_0.8_-10_n  015 0.80 -10 h  type=4
sig_1530470178_0.8_-10_n  015 0.80 -10 hs type=5
sig_1530470340_1.2_-8_n   015 1.20 -8 h   type=4
sig_1530470479_1.2_-10_n  015 1.20 -10 h  type=4

sig_1530470640_0.8_-8_n   016 0.80 -8 h   type=4
sig_1530470640_0.8_-8_n   016 0.80 -8 hh  type=6
sig_1530470640_0.8_-8_n   016 0.80 -8 hs  type=5
sig_1530470940_1.2_-8_n   016 1.20 -8 h   type=4
sig_1530470940_1.2_-8_n   016 1.20 -8 hh  type=6
sig_1530470940_1.2_-8_n   016 1.20 -8 hs  type=5
sig_1530471079_1.2_-10_n  016 1.20 -10 h  type=4
sig_1530471079_1.2_-10_n  016 1.20 -10 hh type=5

sig_1530471239_0.8_-8_n   017 0.80 -8 h   type=4
sig_1530471239_0.8_-8_n   017 0.80 -8 hs  type=5
sig_1530471239_0.8_-8_n   017 0.80 -8 ht  type=0
sig_1530471538_1.2_-8_n   017 1.20 -8 h   type=4
sig_1530471538_1.2_-8_n   017 1.20 -8 hh  type=1
sig_1530471538_1.2_-8_n   017 1.20 -8 hs  type=2
sig_1530471538_1.2_-8_n   017 1.20 -8 ht  type=0
sig_1530471677_1.2_-10_n  017 1.20 -10 h  type=4
sig_1530471677_1.2_-10_n  017 1.20 -10 hh type=1
sig_1530471677_1.2_-10_n  017 1.20 -10 hs type=5
sig_1530471677_1.2_-10_n  017 1.20 -10 ht type=0

sig_1530471838_0.8_-8_n   018 0.80 -8 h   type=5
sig_1530471838_0.8_-8_n   018 0.80 -8 ht  type=0
sig_1530472137_1.2_-8_n   018 1.20 -8 h   type=2
sig_1530472137_1.2_-8_n   018 1.20 -8 hh  type=1
sig_1530472137_1.2_-8_n   018 1.20 -8 hs  type=4
sig_1530472137_1.2_-8_n   018 1.20 -8 hss type=5
sig_1530472137_1.2_-8_n   018 1.20 -8 ht  type=0
sig_1530472446_1.4_-8_n   018 1.40 -8 h   type=2
sig_1530472446_1.4_-8_n   018 1.40 -8 hh  type=1
sig_1530472446_1.4_-8_n   018 1.40 -8 hs  type=4
sig_1530472446_1.4_-8_n   018 1.40 -8 ht  type=0
sig_1530472584_1.4_-10_n  018 1.40 -10 h  type=0

sig_1530472745_1.2_-8_n   019 1.20 -8 h   type=4
sig_1530472745_1.2_-8_n   019 1.20 -8 hs  type=5
sig_1530473045_1.4_-8_n   019 1.40 -8 h   type=4

sig_1530473644_1.4_-8_n   020 1.40 -8 h   type=4 xmin=0.021

sig_1530474382_1.4_-10_n  021 1.40 -10 h  type=4

sig_1530474543_1.2_-8_n   022 1.20 -8 h   type=4

sig_1530475741_1.2_-8_n   024 1.20 -8 h   type=4
sig_1530475741_1.2_-8_n   024 1.20 -8 hs  type=5
