xlim 0.35 0.9
ylim 0 1.4

20180701d_exc/sig_1530448844_0.7_-8_n hs  type=4
20180701d_exc/sig_1530448844_0.7_-8_n ht  type=0
20180701d_exc/sig_1530448969_0.90_-8_n hs  type=4
20180701d_exc/sig_1530448969_0.90_-8_n ht  type=0
20180701d_exc/sig_1530448969_0.90_-8_n hu  type=9
20180701d_exc/sig_1530449093_1.10_-8_n h   type=2
20180701d_exc/sig_1530449093_1.10_-8_n hh  type=1
20180701d_exc/sig_1530449093_1.10_-8_n hs  type=4
20180701d_exc/sig_1530449093_1.10_-8_n ht  type=0
20180701d_exc/sig_1530449219_1.30_-8_n h   type=2
20180701d_exc/sig_1530449219_1.30_-8_n hh  type=1
20180701d_exc/sig_1530449219_1.30_-8_n hs  type=4
20180701d_exc/sig_1530449219_1.30_-8_n ht  type=0
20180701d_exc/sig_1530449344_1.50_-8_n h   type=0
20180701d_exc/sig_1530449468_1.70_-8_n h   type=2
20180701d_exc/sig_1530449468_1.70_-8_n hh  type=1
20180701d_exc/sig_1530449468_1.70_-8_n hs  type=4
20180701d_exc/sig_1530449468_1.70_-8_n ht  type=0
20180701d_exc/sig_1530449593_1.90_-8_n h   type=0
20180701d_exc/sig_1530449593_1.90_-8_n hs  type=2
20180701d_exc/sig_1530449593_1.90_-8_n ht  type=1
20180701d_exc/sig_1530449717_2.10_-8_n hh  type=1
20180701d_exc/sig_1530449717_2.10_-8_n hs  type=2
20180701d_exc/sig_1530449717_2.10_-8_n ht  type=0
20180701d_exc/sig_1530449841_2.30_-8_n h   type=2
20180701d_exc/sig_1530450221_2.5_-8_n h   type=0
20180701d_exc/sig_1530450221_2.5_-8_n hs  type=2

