xlim 1 2
ylim 0 1.2
20180626b_grad_temp/sig_1530020339_1.2_-8_n l   type=10
20180626b_grad_temp/sig_1530020339_1.2_-8_n ls  type=11
20180626b_grad_temp/sig_1530020709_1.2_-8_n l   type=10
20180626b_grad_temp/sig_1530020709_1.2_-8_n ls  type=11
20180626b_grad_temp/sig_1530021079_1.2_-8_n l   type=10
20180626b_grad_temp/sig_1530022087_1.2_-8_n hh  type=5 qual=3
20180626b_grad_temp/sig_1530022087_1.2_-8_n ht  type=4
20180626b_grad_temp/sig_1530022457_1.2_-8_n h   type=5
20180626b_grad_temp/sig_1530022457_1.2_-8_n ht  type=4
20180626b_grad_temp/sig_1530022826_1.2_-8_n h   type=5
20180626b_grad_temp/sig_1530022826_1.2_-8_n ht  type=4
20180626b_grad_temp/sig_1530023196_1.2_-8_n h   type=5
20180626b_grad_temp/sig_1530023196_1.2_-8_n ht  type=4
20180626b_grad_temp/sig_1530023699_1.2_-8_n h   type=6
20180626b_grad_temp/sig_1530023699_1.2_-8_n hh  type=5
20180626b_grad_temp/sig_1530023699_1.2_-8_n ht  type=4
20180626b_grad_temp/sig_1530024048_1.2_-8_n h   type=5
20180626b_grad_temp/sig_1530024397_1.2_-8_n h   type=8
20180626b_grad_temp/sig_1530024397_1.2_-8_n hh  type=0
20180626b_grad_temp/sig_1530024745_1.2_-8_n h   type=4
20180626b_grad_temp/sig_1530024745_1.2_-8_n ht  type=0
20180626b_grad_temp/sig_1530025094_1.2_-8_n h   type=4
20180626b_grad_temp/sig_1530025094_1.2_-8_n ht  type=0
20180626b_grad_temp/sig_1530025443_1.2_-8_n h   type=0
20180626b_grad_temp/sig_1530025792_1.2_-8_n h   type=4
20180626b_grad_temp/sig_1530025792_1.2_-8_n ht  type=0
20180626b_grad_temp/sig_1530026141_1.2_-8_n h   type=0
20180626b_grad_temp/sig_1530026490_1.2_-8_n h   type=0
20180626b_grad_temp/sig_1530026840_1.2_-8_n h   type=0
