xlim -1 -0
ylim 0 1.4

20180615b_temp_exc/sig_1529053910_1.2_-8 h   type=6
20180615b_temp_exc/sig_1529053910_1.2_-8 hh  type=7
20180615b_temp_exc/sig_1529053910_1.2_-8 ht  type=0
20180615b_temp_exc/sig_1529054296_1.2_-8 h   type=6
20180615b_temp_exc/sig_1529054296_1.2_-8 hh  type=8
20180615b_temp_exc/sig_1529054296_1.2_-8 hs  type=9
20180615b_temp_exc/sig_1529054296_1.2_-8 ht  type=0
20180615b_temp_exc/sig_1529054678_1.2_-8 h   type=6
20180615b_temp_exc/sig_1529054678_1.2_-8 hh  type=1
20180615b_temp_exc/sig_1529054678_1.2_-8 hs  type=9
20180615b_temp_exc/sig_1529054678_1.2_-8 ht  type=0
20180615b_temp_exc/sig_1529054678_1.2_-8 hu  type=7
20180615b_temp_exc/sig_1529055064_1.2_-8 h   type=6
20180615b_temp_exc/sig_1529055064_1.2_-8 hh  type=2
20180615b_temp_exc/sig_1529055064_1.2_-8 hs  type=9
20180615b_temp_exc/sig_1529055064_1.2_-8 ht  type=0
20180615b_temp_exc/sig_1529055064_1.2_-8 hu  type=7
20180615b_temp_exc/sig_1529055064_1.2_-8 hv  type=1
20180615b_temp_exc/sig_1529055453_1.2_-8 h   type=6
20180615b_temp_exc/sig_1529055453_1.2_-8 hs  type=9
20180615b_temp_exc/sig_1529055453_1.2_-8 ht  type=0
20180615b_temp_exc/sig_1529055453_1.2_-8 hu  type=7
20180615b_temp_exc/sig_1529055840_1.2_-8 h   type=6
20180615b_temp_exc/sig_1529055840_1.2_-8 hh  type=7
20180615b_temp_exc/sig_1529055840_1.2_-8 hs  type=9
20180615b_temp_exc/sig_1529055840_1.2_-8 ht  type=0
20180615b_temp_exc/sig_1529056226_1.2_-8 h   type=6
20180615b_temp_exc/sig_1529056226_1.2_-8 hh  type=9
20180615b_temp_exc/sig_1529056226_1.2_-8 hs  type=7
20180615b_temp_exc/sig_1529056226_1.2_-8 ht  type=0
20180615b_temp_exc/sig_1529056610_1.2_-8 h   type=6
20180615b_temp_exc/sig_1529056610_1.2_-8 hs  type=7
20180615b_temp_exc/sig_1529056610_1.2_-8 ht  type=0
20180615b_temp_exc/sig_1529056997_1.2_-8 h   type=6
20180615b_temp_exc/sig_1529056997_1.2_-8 ht  type=0
20180615b_temp_exc/sig_1529057383_1.2_-8 h   type=6
20180615b_temp_exc/sig_1529057772_1.2_-8 h   type=6
20180615b_temp_exc/sig_1529058158_1.2_-8 h   type=6
20180615b_temp_exc/sig_1529058158_1.2_-8 l   type=12 xmax=-0.325
20180615b_temp_exc/sig_1529058543_1.2_-8 h   type=6
20180615b_temp_exc/sig_1529058543_1.2_-8 l   type=12
20180615b_temp_exc/sig_1529058925_1.2_-8 h   type=6
20180615b_temp_exc/sig_1529058925_1.2_-8 l   type=12 xmax=-0.87
20180615b_temp_exc/sig_1529059311_1.2_-8 l   type=10
20180615b_temp_exc/sig_1529059311_1.2_-8 ls  type=11
20180615b_temp_exc/sig_1529059696_1.2_-8 l   type=10
20180615b_temp_exc/sig_1529059696_1.2_-8 ls  type=11 qual=3.3
20180615b_temp_exc/sig_1529060080_1.2_-8 l   type=10
20180615b_temp_exc/sig_1529060080_1.2_-8 ls  type=11
20180615b_temp_exc/sig_1529060463_1.2_-8 l   type=10
20180615b_temp_exc/sig_1529060463_1.2_-8 ls  type=11
20180615b_temp_exc/sig_1529060848_1.2_-8 l   type=10
20180615b_temp_exc/sig_1529060848_1.2_-8 ls  type=11 qual=3
20180615b_temp_exc/sig_1529061238_1.2_-8 l   type=10
20180615b_temp_exc/sig_1529061238_1.2_-8 ls  type=11
20180615b_temp_exc/sig_1529061628_1.2_-8 l   type=10
20180615b_temp_exc/sig_1529061628_1.2_-8 ls  type=11
20180615b_temp_exc/sig_1529062019_1.2_-8 l   type=10
20180615b_temp_exc/sig_1529062402_1.2_-8 l   type=10
20180615b_temp_exc/sig_1529062794_1.2_-8 h   type=4
20180615b_temp_exc/sig_1529062794_1.2_-8 l   type=10
20180615b_temp_exc/sig_1529063180_1.2_-8 h   type=4
20180615b_temp_exc/sig_1529063180_1.2_-8 ht  type=0
20180615b_temp_exc/sig_1529063563_1.2_-8 h   type=4
20180615b_temp_exc/sig_1529063563_1.2_-8 ht  type=0
20180615b_temp_exc/sig_1529063948_1.2_-8 h   type=4
20180615b_temp_exc/sig_1529063948_1.2_-8 hh  type=2
20180615b_temp_exc/sig_1529063948_1.2_-8 hs  type=6
20180615b_temp_exc/sig_1529063948_1.2_-8 ht  type=0
20180615b_temp_exc/sig_1529064334_1.2_-8 h   type=4
20180615b_temp_exc/sig_1529064334_1.2_-8 hh  type=2
20180615b_temp_exc/sig_1529064334_1.2_-8 hs  type=1
20180615b_temp_exc/sig_1529064334_1.2_-8 ht  type=0
20180615b_temp_exc/sig_1529064726_1.2_-8 h   type=4
20180615b_temp_exc/sig_1529064726_1.2_-8 hh  type=2
20180615b_temp_exc/sig_1529064726_1.2_-8 hs  type=1
20180615b_temp_exc/sig_1529064726_1.2_-8 ht  type=0
20180615b_temp_exc/sig_1529065112_1.2_-8 h   type=4
20180615b_temp_exc/sig_1529065112_1.2_-8 hh  type=1
20180615b_temp_exc/sig_1529065112_1.2_-8 hs  type=2
20180615b_temp_exc/sig_1529065112_1.2_-8 ht  type=0
20180615b_temp_exc/sig_1529065498_1.2_-8 h   type=4
20180615b_temp_exc/sig_1529065498_1.2_-8 hh  type=2
20180615b_temp_exc/sig_1529065498_1.2_-8 hs  type=1
20180615b_temp_exc/sig_1529065498_1.2_-8 ht  type=0
20180615b_temp_exc/sig_1529065498_1.2_-8 hu  type=6
20180615b_temp_exc/sig_1529065885_1.2_-8 h   type=4
20180615b_temp_exc/sig_1529065885_1.2_-8 hh  type=2
20180615b_temp_exc/sig_1529065885_1.2_-8 hs  type=1
20180615b_temp_exc/sig_1529065885_1.2_-8 ht  type=0
20180615b_temp_exc/sig_1529066270_1.2_-8 h   type=2
20180615b_temp_exc/sig_1529066270_1.2_-8 hh  type=1
20180615b_temp_exc/sig_1529066270_1.2_-8 ht  type=0
20180615b_temp_exc/sig_1529066656_1.2_-8 h   type=2
20180615b_temp_exc/sig_1529066656_1.2_-8 hh  type=1
20180615b_temp_exc/sig_1529066656_1.2_-8 hs  type=4
20180615b_temp_exc/sig_1529066656_1.2_-8 ht  type=0
20180615b_temp_exc/sig_1529067043_1.2_-8 ht  type=0
20180615b_temp_exc/sig_1529067429_1.2_-8 h   type=0
20180615b_temp_exc/sig_1529067812_1.2_-8 h   type=0
20180615b_temp_exc/sig_1529068193_1.2_-8 h   type=0
20180615b_temp_exc/sig_1529068581_1.2_-8 h   type=0
20180615b_temp_exc/sig_1529068967_1.2_-8 h   type=0
20180615b_temp_exc/sig_1529069742_1.2_-8 h   type=0
20180615b_temp_exc/sig_1529070129_1.2_-8 h   type=0
20180615b_temp_exc/sig_1529071281_1.2_-8 h   type=9
20180615b_temp_exc/sig_1529071667_1.2_-8 h   type=0
20180615b_temp_exc/sig_1529071667_1.2_-8 ht  type=9
20180615b_temp_exc/sig_1529072054_1.2_-8 h   type=0
