# only good signals, with correct classification,
# to measure slope ratios

xlim 0.1 0.6
ylim 0 1.2

20180612a_test_amp/sig_1528796163_1.4 h   type=4
20180612a_test_amp/sig_1528796163_1.4 hs  type=2
20180612a_test_amp/sig_1528796163_1.4 ht  type=0
20180612a_test_amp/sig_1528796330_1.6 h   type=4
20180612a_test_amp/sig_1528796330_1.6 hh  type=1
20180612a_test_amp/sig_1528796330_1.6 hs  type=2
20180612a_test_amp/sig_1528796330_1.6 ht  type=0

xlim 0 0.35
20180612b_test_grad/sig_1528798792_1.2_-6 h   type=4
20180612b_test_grad/sig_1528798792_1.2_-6 ht  type=0
20180612b_test_grad/sig_1528798922_1.2_-8 h   type=4
20180612b_test_grad/sig_1528798922_1.2_-8 hh  type=1
20180612b_test_grad/sig_1528798922_1.2_-8 hs  type=2
20180612b_test_grad/sig_1528798922_1.2_-8 ht  type=0

xlim -0.1 0.6
20180612d_temp_grad/sig_1528805717_1.4_-7 h   type=2
20180612d_temp_grad/sig_1528805717_1.4_-7 hh  type=1
20180612d_temp_grad/sig_1528805717_1.4_-7 ht  type=0
20180612d_temp_grad/sig_1528805717_1.4_-7 hx  type=4
20180612d_temp_grad/sig_1528805826_1.4_-8 h   type=2
20180612d_temp_grad/sig_1528805826_1.4_-8 hh  type=1
20180612d_temp_grad/sig_1528805826_1.4_-8 ht  type=0
20180612d_temp_grad/sig_1528805826_1.4_-8 hx  type=4
20180612d_temp_grad/sig_1528805935_1.4_-9 h   type=1
20180612d_temp_grad/sig_1528805935_1.4_-9 ht  type=0

20180612d_temp_grad/sig_1528806443_1.4_-8 h   type=2
20180612d_temp_grad/sig_1528806443_1.4_-8 hh  type=1
20180612d_temp_grad/sig_1528806443_1.4_-8 ht  type=0

20180612d_temp_grad/sig_1528806885_1.4_-7 h   type=2
20180612d_temp_grad/sig_1528806885_1.4_-7 hh  type=1
20180612d_temp_grad/sig_1528806885_1.4_-7 ht  type=0
20180612d_temp_grad/sig_1528806993_1.4_-8 h   type=2
20180612d_temp_grad/sig_1528806993_1.4_-8 hh  type=1
20180612d_temp_grad/sig_1528806993_1.4_-8 ht  type=0
20180612d_temp_grad/sig_1528807681_0.8_-7 h   type=4
20180612d_temp_grad/sig_1528807681_0.8_-7 ht  type=0
20180612d_temp_grad/sig_1528807791_0.8_-8 h   type=4
20180612d_temp_grad/sig_1528807791_0.8_-8 ht  type=0

20180612d_temp_grad/sig_1528810530_1.0_-10 h  type=5
20180612d_temp_grad/sig_1528810530_1.0_-10 ht type=4
20180612d_temp_grad/sig_1528810639_1.0_-11 h  type=5
20180612d_temp_grad/sig_1528810639_1.0_-11 ht type=4
20180612d_temp_grad/sig_1528810745_1.0_-12 h  type=5
20180612d_temp_grad/sig_1528810745_1.0_-12 ht type=4

20180612d_temp_grad/sig_1528811291_1.0_-7 h   type=6
20180612d_temp_grad/sig_1528811291_1.0_-7 ht  type=4
20180612d_temp_grad/sig_1528811399_1.0_-8 h   type=6
20180612d_temp_grad/sig_1528811399_1.0_-8 ht  type=4
20180612d_temp_grad/sig_1528811614_1.0_-10 h  type=6
20180612d_temp_grad/sig_1528811614_1.0_-10 hs type=5
20180612d_temp_grad/sig_1528811614_1.0_-10 ht type=4
20180612d_temp_grad/sig_1528811721_1.0_-11 h  type=6
20180612d_temp_grad/sig_1528811721_1.0_-11 hs type=5
20180612d_temp_grad/sig_1528811721_1.0_-11 ht type=4

20180612d_temp_grad/sig_1528812267_1.0_-6 h   type=4
20180612d_temp_grad/sig_1528812267_1.0_-6 ht  type=0
20180612d_temp_grad/sig_1528812375_1.0_-7 h   type=4
20180612d_temp_grad/sig_1528812375_1.0_-7 hs  type=6
20180612d_temp_grad/sig_1528812375_1.0_-7 ht  type=0
20180612d_temp_grad/sig_1528812485_1.0_-8 h   type=4
20180612d_temp_grad/sig_1528812485_1.0_-8 hs  type=6
20180612d_temp_grad/sig_1528812485_1.0_-8 ht  type=0
20180612d_temp_grad/sig_1528812593_1.0_-9 h   type=4
20180612d_temp_grad/sig_1528812593_1.0_-9 hs  type=6
20180612d_temp_grad/sig_1528812593_1.0_-9 ht  type=0
20180612d_temp_grad/sig_1528812703_1.0_-10 h  type=6
20180612d_temp_grad/sig_1528812703_1.0_-10 hh type=4
20180612d_temp_grad/sig_1528812703_1.0_-10 hs type=7
20180612d_temp_grad/sig_1528812703_1.0_-10 ht type=0

20180612d_temp_grad/sig_1528813246_1.0_-5 h   type=4
20180612d_temp_grad/sig_1528813246_1.0_-5 ht  type=0
20180612d_temp_grad/sig_1528813353_1.0_-6 h   type=4
20180612d_temp_grad/sig_1528813353_1.0_-6 ht  type=0
20180612d_temp_grad/sig_1528813461_1.0_-7 h   type=4
20180612d_temp_grad/sig_1528813461_1.0_-7 hh  type=1
20180612d_temp_grad/sig_1528813461_1.0_-7 ht  type=0
20180612d_temp_grad/sig_1528813568_1.0_-8 h   type=4
20180612d_temp_grad/sig_1528813568_1.0_-8 hh  type=1
20180612d_temp_grad/sig_1528813568_1.0_-8 hs  type=5
20180612d_temp_grad/sig_1528813568_1.0_-8 ht  type=0
20180612d_temp_grad/sig_1528813568_1.0_-8 hx  type=2
20180612d_temp_grad/sig_1528813673_1.0_-9 h   type=4
20180612d_temp_grad/sig_1528813673_1.0_-9 hh  type=1
20180612d_temp_grad/sig_1528813673_1.0_-9 hs  type=5
20180612d_temp_grad/sig_1528813673_1.0_-9 ht  type=0

20180612d_temp_grad/sig_1528814427_1.0_-6 h   type=4
20180612d_temp_grad/sig_1528814427_1.0_-6 ht  type=0
20180612d_temp_grad/sig_1528814536_1.0_-7 h   type=4
20180612d_temp_grad/sig_1528814536_1.0_-7 hh  type=2
20180612d_temp_grad/sig_1528814536_1.0_-7 ht  type=0
20180612d_temp_grad/sig_1528814644_1.0_-8 h   type=4
20180612d_temp_grad/sig_1528814644_1.0_-8 hh  type=2
20180612d_temp_grad/sig_1528814644_1.0_-8 hs  type=5
20180612d_temp_grad/sig_1528814644_1.0_-8 ht  type=0
20180612d_temp_grad/sig_1528814644_1.0_-8 hx  type=1
20180612d_temp_grad/sig_1528814752_1.0_-9 h   type=4
20180612d_temp_grad/sig_1528814752_1.0_-9 ht  type=0

xlim -1 -0
20180615b_temp_exc/sig_1529064334_1.2_-8 h   type=4
20180615b_temp_exc/sig_1529064334_1.2_-8 hh  type=2
20180615b_temp_exc/sig_1529064334_1.2_-8 hs  type=1
20180615b_temp_exc/sig_1529064334_1.2_-8 ht  type=0

20180615b_temp_exc/sig_1529064463_0.8_-8 h   type=4
20180615b_temp_exc/sig_1529064463_0.8_-8 hh  type=6
20180615b_temp_exc/sig_1529064463_0.8_-8 hs  type=5
20180615b_temp_exc/sig_1529064463_0.8_-8 ht  type=0
20180615b_temp_exc/sig_1529064595_1.0_-8 h   type=4
20180615b_temp_exc/sig_1529064595_1.0_-8 hh  type=2
20180615b_temp_exc/sig_1529064595_1.0_-8 hs  type=1
20180615b_temp_exc/sig_1529064595_1.0_-8 ht  type=0
20180615b_temp_exc/sig_1529064726_1.2_-8 h   type=4
20180615b_temp_exc/sig_1529064726_1.2_-8 hh  type=2
20180615b_temp_exc/sig_1529064726_1.2_-8 hs  type=1
20180615b_temp_exc/sig_1529064726_1.2_-8 ht  type=0

20180615b_temp_exc/sig_1529064854_0.8_-8 h   type=4
20180615b_temp_exc/sig_1529064854_0.8_-8 ht  type=0
20180615b_temp_exc/sig_1529064982_1.0_-8 h   type=4
20180615b_temp_exc/sig_1529064982_1.0_-8 hh  type=2
20180615b_temp_exc/sig_1529064982_1.0_-8 hs  type=1
20180615b_temp_exc/sig_1529064982_1.0_-8 ht  type=0
20180615b_temp_exc/sig_1529064982_1.0_-8 hu  type=5 xmax=-0.925
20180615b_temp_exc/sig_1529065112_1.2_-8 h   type=4
20180615b_temp_exc/sig_1529065112_1.2_-8 hh  type=1
20180615b_temp_exc/sig_1529065112_1.2_-8 hs  type=2
20180615b_temp_exc/sig_1529065112_1.2_-8 ht  type=0

20180615b_temp_exc/sig_1529065241_0.8_-8 h   type=4
20180615b_temp_exc/sig_1529065241_0.8_-8 ht  type=0
20180615b_temp_exc/sig_1529065371_1.0_-8 h   type=4
20180615b_temp_exc/sig_1529065371_1.0_-8 hh  type=1
20180615b_temp_exc/sig_1529065371_1.0_-8 hs  type=2
20180615b_temp_exc/sig_1529065371_1.0_-8 ht  type=0
20180615b_temp_exc/sig_1529065498_1.2_-8 h   type=4
20180615b_temp_exc/sig_1529065498_1.2_-8 hh  type=2
20180615b_temp_exc/sig_1529065498_1.2_-8 hs  type=1
20180615b_temp_exc/sig_1529065498_1.2_-8 ht  type=0
20180615b_temp_exc/sig_1529065498_1.2_-8 hu  type=6

20180615b_temp_exc/sig_1529065630_0.8_-8 h   type=0
20180615b_temp_exc/sig_1529065630_0.8_-8 hh  type=4
20180615b_temp_exc/sig_1529065756_1.0_-8 h   type=4
20180615b_temp_exc/sig_1529065756_1.0_-8 ht  type=0
20180615b_temp_exc/sig_1529065885_1.2_-8 h   type=4
20180615b_temp_exc/sig_1529065885_1.2_-8 hh  type=2
20180615b_temp_exc/sig_1529065885_1.2_-8 hs  type=1
20180615b_temp_exc/sig_1529065885_1.2_-8 ht  type=0

20180615b_temp_exc/sig_1529066013_0.8_-8 h   type=4
20180615b_temp_exc/sig_1529066013_0.8_-8 ht  type=0
20180615b_temp_exc/sig_1529066142_1.0_-8 h   type=4
20180615b_temp_exc/sig_1529066142_1.0_-8 ht  type=0

20180615b_temp_exc/sig_1529066526_1.0_-8 h   type=4
20180615b_temp_exc/sig_1529066526_1.0_-8 ht  type=0
20180615b_temp_exc/sig_1529066656_1.2_-8 h   type=2
20180615b_temp_exc/sig_1529066656_1.2_-8 hh  type=1
20180615b_temp_exc/sig_1529066656_1.2_-8 hs  type=4
20180615b_temp_exc/sig_1529066656_1.2_-8 ht  type=0

20180615b_temp_exc/sig_1529067172_0.8_-8 h   type=0
20180615b_temp_exc/sig_1529067172_0.8_-8 ht  type=4

20180615b_temp_exc/sig_1529067555_0.8_-8 h   type=0
20180615b_temp_exc/sig_1529067555_0.8_-8 ht  type=4

xlim 1 2
# 20180626b_grad_temp/sig_1530022457_1.2_-8_n h   type=5
# 20180626b_grad_temp/sig_1530022457_1.2_-8_n ht  type=4

# 20180626b_grad_temp/sig_1530022826_1.2_-8_n h   type=5
# 20180626b_grad_temp/sig_1530022826_1.2_-8_n ht  type=4

# 20180626b_grad_temp/sig_1530023196_1.2_-8_n h   type=5
# 20180626b_grad_temp/sig_1530023196_1.2_-8_n ht  type=4

# 20180626b_grad_temp/sig_1530023583_1.2_-7_n h   type=6
# 20180626b_grad_temp/sig_1530023583_1.2_-7_n hh  type=5
# 20180626b_grad_temp/sig_1530023583_1.2_-7_n ht  type=4
# 20180626b_grad_temp/sig_1530023699_1.2_-8_n h   type=6
# 20180626b_grad_temp/sig_1530023699_1.2_-8_n hh  type=5
# 20180626b_grad_temp/sig_1530023699_1.2_-8_n ht  type=4

# 20180626b_grad_temp/sig_1530024164_1.2_-6_n h   type=4
# 20180626b_grad_temp/sig_1530024164_1.2_-6_n ht  type=0

xlim 0.35 0.8
20180627a_grad/sig_1530048100_1.2_-6_n h   type=4 xmax=0.63
20180627a_grad/sig_1530048100_1.2_-6_n hs  type=5
20180627a_grad/sig_1530048100_1.2_-6_n ht  type=0
20180627a_grad/sig_1530048261_1.2_-8_n h   type=4
20180627a_grad/sig_1530048261_1.2_-8_n ht  type=0
20180627a_grad/sig_1530048422_1.2_-10_n h  type=4
20180627a_grad/sig_1530048422_1.2_-10_n hs type=7
20180627a_grad/sig_1530048422_1.2_-10_n ht type=0
20180627a_grad/sig_1530048583_1.2_-12_n h  type=5
20180627a_grad/sig_1530048583_1.2_-12_n hh type=4
20180627a_grad/sig_1530048583_1.2_-12_n hs type=7
20180627a_grad/sig_1530048583_1.2_-12_n hu type=6
20180627a_grad/sig_1530049112_1.2_-5_n h   type=4
20180627a_grad/sig_1530049112_1.2_-5_n ht  type=0

20180627a_grad/sig_1530049273_1.2_-6_n h   type=2
20180627a_grad/sig_1530049273_1.2_-6_n hs  type=4
20180627a_grad/sig_1530049273_1.2_-6_n ht  type=0
20180627a_grad/sig_1530049596_1.2_-8_n h   type=1
20180627a_grad/sig_1530049596_1.2_-8_n hs  type=4
20180627a_grad/sig_1530049596_1.2_-8_n ht  type=0
20180627a_grad/sig_1530049756_1.2_-9_n h   type=1
20180627a_grad/sig_1530049756_1.2_-9_n hs  type=4
20180627a_grad/sig_1530049756_1.2_-9_n ht  type=0
20180627a_grad/sig_1530049917_1.2_-10_n h  type=1
20180627a_grad/sig_1530049917_1.2_-10_n hh type=4
20180627a_grad/sig_1530049917_1.2_-10_n hs type=5
20180627a_grad/sig_1530049917_1.2_-10_n ht type=0
20180627a_grad/sig_1530049917_1.2_-10_n x  type=7
20180627a_grad/sig_1530050078_1.2_-11_n hh type=4
20180627a_grad/sig_1530050078_1.2_-11_n hs type=5
20180627a_grad/sig_1530050078_1.2_-11_n ht type=0
20180627a_grad/sig_1530050078_1.2_-11_n hu type=7

xlim 0.35 0.8
20180627b_temp/sig_1530050567_1.2_-8_n h   type=2
20180627b_temp/sig_1530050567_1.2_-8_n hh  type=1
20180627b_temp/sig_1530050567_1.2_-8_n hs  type=4
20180627b_temp/sig_1530050567_1.2_-8_n ht  type=0

20180627b_temp/sig_1530050837_1.2_-8_n h   type=2
20180627b_temp/sig_1530050837_1.2_-8_n hh  type=1
20180627b_temp/sig_1530050837_1.2_-8_n hs  type=4
20180627b_temp/sig_1530050837_1.2_-8_n ht  type=0

20180627b_temp/sig_1530050952_1.2_-8_n h   type=2
20180627b_temp/sig_1530050952_1.2_-8_n hh  type=1
20180627b_temp/sig_1530050952_1.2_-8_n hs  type=4
20180627b_temp/sig_1530050952_1.2_-8_n ht  type=0

20180627b_temp/sig_1530051067_1.2_-8_n h   type=2
20180627b_temp/sig_1530051067_1.2_-8_n hh  type=1
20180627b_temp/sig_1530051067_1.2_-8_n hs  type=4
20180627b_temp/sig_1530051067_1.2_-8_n ht  type=0
20180627b_temp/sig_1530051067_1.2_-8_n hx  type=3

20180627b_temp/sig_1530051183_1.2_-8_n h   type=2
20180627b_temp/sig_1530051183_1.2_-8_n hh  type=1
20180627b_temp/sig_1530051183_1.2_-8_n hs  type=4
20180627b_temp/sig_1530051183_1.2_-8_n ht  type=0
20180627b_temp/sig_1530051183_1.2_-8_n hx  type=3

20180627b_temp/sig_1530051298_1.2_-8_n h   type=2
20180627b_temp/sig_1530051298_1.2_-8_n hh  type=1
20180627b_temp/sig_1530051298_1.2_-8_n hs  type=4
20180627b_temp/sig_1530051298_1.2_-8_n ht  type=0
20180627b_temp/sig_1530051298_1.2_-8_n hx  type=3

20180627b_temp/sig_1530051413_1.2_-8_n h   type=2
20180627b_temp/sig_1530051413_1.2_-8_n hh  type=1
20180627b_temp/sig_1530051413_1.2_-8_n hs  type=4
20180627b_temp/sig_1530051413_1.2_-8_n ht  type=0
20180627b_temp/sig_1530051413_1.2_-8_n hx  type=3

20180627b_temp/sig_1530051528_1.2_-8_n h   type=4
20180627b_temp/sig_1530051528_1.2_-8_n hh  type=1
20180627b_temp/sig_1530051528_1.2_-8_n hs  type=2
20180627b_temp/sig_1530051528_1.2_-8_n ht  type=0

20180627b_temp/sig_1530051643_1.2_-8_n h   type=4
20180627b_temp/sig_1530051643_1.2_-8_n hh  type=1
20180627b_temp/sig_1530051643_1.2_-8_n ht  type=0

20180627b_temp/sig_1530051759_1.2_-8_n h   type=4
20180627b_temp/sig_1530051759_1.2_-8_n hh  type=1
20180627b_temp/sig_1530051759_1.2_-8_n ht  type=0

20180627b_temp/sig_1530051874_1.2_-8_n h   type=4
20180627b_temp/sig_1530051874_1.2_-8_n ht  type=0

20180627b_temp/sig_1530051990_1.2_-8_n h   type=6
20180627b_temp/sig_1530051990_1.2_-8_n hh  type=4
20180627b_temp/sig_1530051990_1.2_-8_n ht  type=0

20180627b_temp/sig_1530052106_1.2_-8_n h   type=6
20180627b_temp/sig_1530052106_1.2_-8_n hh  type=4
20180627b_temp/sig_1530052106_1.2_-8_n ht  type=0

20180627b_temp/sig_1530053949_1.2_-8_n h   type=4
20180627b_temp/sig_1530053949_1.2_-8_n hs  type=6
20180627b_temp/sig_1530053949_1.2_-8_n ht  type=0

20180627b_temp/sig_1530054064_1.2_-8_n h   type=4
20180627b_temp/sig_1530054064_1.2_-8_n hs  type=6
20180627b_temp/sig_1530054064_1.2_-8_n ht  type=0

20180627b_temp/sig_1530054179_1.2_-8_n h   type=4
20180627b_temp/sig_1530054179_1.2_-8_n hh  type=1
20180627b_temp/sig_1530054179_1.2_-8_n ht  type=0

20180627b_temp/sig_1530054294_1.2_-8_n h   type=4
20180627b_temp/sig_1530054294_1.2_-8_n hh  type=1
20180627b_temp/sig_1530054294_1.2_-8_n ht  type=0

20180627b_temp/sig_1530054525_1.2_-8_n h   type=4
20180627b_temp/sig_1530054525_1.2_-8_n hh  type=1
20180627b_temp/sig_1530054525_1.2_-8_n ht  type=0 xmax=0.475
20180627b_temp/sig_1530054525_1.2_-8_n hx  type=2
20180627b_temp/sig_1530054525_1.2_-8_n x   type=3

20180627b_temp/sig_1530054640_1.2_-8_n h   type=4
20180627b_temp/sig_1530054640_1.2_-8_n hh  type=1
20180627b_temp/sig_1530054640_1.2_-8_n ht  type=0
20180627b_temp/sig_1530054640_1.2_-8_n hx  type=2
20180627b_temp/sig_1530054640_1.2_-8_n x   type=3

20180627b_temp/sig_1530054755_1.2_-8_n h   type=4
20180627b_temp/sig_1530054755_1.2_-8_n hh  type=1
20180627b_temp/sig_1530054755_1.2_-8_n ht  type=0
20180627b_temp/sig_1530054755_1.2_-8_n hx  type=2
20180627b_temp/sig_1530054755_1.2_-8_n x   type=3

20180627b_temp/sig_1530054871_1.2_-8_n h   type=4
20180627b_temp/sig_1530054871_1.2_-8_n hh  type=1
20180627b_temp/sig_1530054871_1.2_-8_n ht  type=0
20180627b_temp/sig_1530054871_1.2_-8_n hx  type=2
20180627b_temp/sig_1530054871_1.2_-8_n x   type=3

20180627b_temp/sig_1530054986_1.2_-8_n h   type=4
20180627b_temp/sig_1530054986_1.2_-8_n hh  type=1
20180627b_temp/sig_1530054986_1.2_-8_n ht  type=0
20180627b_temp/sig_1530054986_1.2_-8_n hx  type=2
20180627b_temp/sig_1530054986_1.2_-8_n x   type=3

20180627b_temp/sig_1530055216_1.2_-8_n h   type=4
20180627b_temp/sig_1530055216_1.2_-8_n ht  type=0

20180627b_temp/sig_1530055332_1.2_-8_n h   type=4
20180627b_temp/sig_1530055332_1.2_-8_n ht  type=0
20180627b_temp/sig_1530055332_1.2_-8_n hx  type=6

xlim 0.4 1.2
20180701b_exc/sig_1530443679_1.6_-8_n h   type=4
20180701b_exc/sig_1530443679_1.6_-8_n ht  type=0

20180701b_exc/sig_1530443838_1.8_-8_n h   type=4
20180701b_exc/sig_1530443838_1.8_-8_n hh  type=6
20180701b_exc/sig_1530443838_1.8_-8_n ht  type=7

20180701b_exc/sig_1530443997_2.0_-8_n h   type=7
20180701b_exc/sig_1530443997_2.0_-8_n ht  type=4

xlim 0.4 1.2
20180701c_exc/sig_1530445194_0.82_-8_n h   type=5
20180701c_exc/sig_1530445194_0.82_-8_n ht  type=4
20180701c_exc/sig_1530445318_0.84_-8_n h   type=5
20180701c_exc/sig_1530445318_0.84_-8_n ht  type=4
20180701c_exc/sig_1530445443_0.86_-8_n h   type=5
20180701c_exc/sig_1530445443_0.86_-8_n ht  type=4
20180701c_exc/sig_1530446814_1.08_-8_n h   type=6
20180701c_exc/sig_1530446814_1.08_-8_n hh  type=4
20180701c_exc/sig_1530446814_1.08_-8_n ht  type=0
20180701c_exc/sig_1530446938_1.10_-8_n h   type=4
20180701c_exc/sig_1530446938_1.10_-8_n hs  type=6
20180701c_exc/sig_1530446938_1.10_-8_n ht  type=0
20180701c_exc/sig_1530447063_1.12_-8_n h   type=4
20180701c_exc/sig_1530447063_1.12_-8_n hs  type=6
20180701c_exc/sig_1530447063_1.12_-8_n ht  type=0
20180701c_exc/sig_1530447187_1.14_-8_n h   type=4
20180701c_exc/sig_1530447187_1.14_-8_n ht  type=0
20180701c_exc/sig_1530447312_1.16_-8_n h   type=4
20180701c_exc/sig_1530447312_1.16_-8_n ht  type=0
20180701c_exc/sig_1530447436_1.18_-8_n h   type=4
20180701c_exc/sig_1530447436_1.18_-8_n ht  type=0
20180701c_exc/sig_1530447560_1.20_-8_n h   type=4
20180701c_exc/sig_1530447560_1.20_-8_n hh  type=1
20180701c_exc/sig_1530447560_1.20_-8_n ht  type=0
20180701c_exc/sig_1530447687_1.22_-8_n h   type=4
20180701c_exc/sig_1530447687_1.22_-8_n hh  type=1
20180701c_exc/sig_1530447687_1.22_-8_n hs  type=2
20180701c_exc/sig_1530447687_1.22_-8_n ht  type=0
20180701c_exc/sig_1530447812_1.24_-8_n h   type=4
20180701c_exc/sig_1530447812_1.24_-8_n hh  type=1
20180701c_exc/sig_1530447812_1.24_-8_n hs  type=2
20180701c_exc/sig_1530447936_1.26_-8_n h   type=4
20180701c_exc/sig_1530447936_1.26_-8_n hh  type=1
20180701c_exc/sig_1530447936_1.26_-8_n hs  type=2
20180701c_exc/sig_1530447936_1.26_-8_n ht  type=0
20180701c_exc/sig_1530448061_1.28_-8_n h   type=4
20180701c_exc/sig_1530448061_1.28_-8_n hh  type=1
20180701c_exc/sig_1530448061_1.28_-8_n hs  type=2
20180701c_exc/sig_1530448061_1.28_-8_n ht  type=0
20180701c_exc/sig_1530448061_1.28_-8_n hu  type=7
20180701c_exc/sig_1530448186_1.30_-8_n h   type=4
20180701c_exc/sig_1530448186_1.30_-8_n hh  type=1
20180701c_exc/sig_1530448186_1.30_-8_n hs  type=2
20180701c_exc/sig_1530448186_1.30_-8_n ht  type=0
20180701c_exc/sig_1530448310_1.32_-8_n h   type=4
20180701c_exc/sig_1530448310_1.32_-8_n hh  type=1
20180701c_exc/sig_1530448310_1.32_-8_n hs  type=2
20180701c_exc/sig_1530448310_1.32_-8_n ht  type=0
20180701c_exc/sig_1530448434_1.34_-8_n h   type=4
20180701c_exc/sig_1530448434_1.34_-8_n hh  type=1
20180701c_exc/sig_1530448434_1.34_-8_n hs  type=2
20180701c_exc/sig_1530448434_1.34_-8_n ht  type=0
20180701c_exc/sig_1530448559_1.36_-8_n h   type=4
20180701c_exc/sig_1530448559_1.36_-8_n hh  type=1
20180701c_exc/sig_1530448559_1.36_-8_n hs  type=2
20180701c_exc/sig_1530448559_1.36_-8_n ht  type=0

xlim 0.35 0.9
20180701d_exc/sig_1530448844_0.7_-8_n hs  type=4
20180701d_exc/sig_1530448844_0.7_-8_n ht  type=0
20180701d_exc/sig_1530448969_0.90_-8_n hs  type=4
20180701d_exc/sig_1530448969_0.90_-8_n ht  type=0
20180701d_exc/sig_1530448969_0.90_-8_n hu  type=9
20180701d_exc/sig_1530449093_1.10_-8_n h   type=2
20180701d_exc/sig_1530449093_1.10_-8_n hh  type=1
20180701d_exc/sig_1530449093_1.10_-8_n hs  type=4
20180701d_exc/sig_1530449093_1.10_-8_n ht  type=0
20180701d_exc/sig_1530449219_1.30_-8_n h   type=2
20180701d_exc/sig_1530449219_1.30_-8_n hh  type=1
20180701d_exc/sig_1530449219_1.30_-8_n hs  type=4
20180701d_exc/sig_1530449219_1.30_-8_n ht  type=0
20180701d_exc/sig_1530449468_1.70_-8_n h   type=2
20180701d_exc/sig_1530449468_1.70_-8_n hh  type=1
20180701d_exc/sig_1530449468_1.70_-8_n hs  type=4
20180701d_exc/sig_1530449468_1.70_-8_n ht  type=0
20180701d_exc/sig_1530449593_1.90_-8_n h   type=0
20180701d_exc/sig_1530449593_1.90_-8_n hs  type=2
20180701d_exc/sig_1530449593_1.90_-8_n ht  type=1

xlim 0.3 1.4
20180701g_temp/sig_1530471677_1.2_-10_n h  type=4
20180701g_temp/sig_1530471677_1.2_-10_n hh type=1
20180701g_temp/sig_1530471677_1.2_-10_n hs type=5
20180701g_temp/sig_1530471677_1.2_-10_n ht type=0

20180701g_temp/sig_1530472137_1.2_-8_n h   type=2
20180701g_temp/sig_1530472137_1.2_-8_n hh  type=1
20180701g_temp/sig_1530472137_1.2_-8_n hs  type=4
20180701g_temp/sig_1530472137_1.2_-8_n hss type=5
20180701g_temp/sig_1530472137_1.2_-8_n ht  type=0
20180701g_temp/sig_1530472446_1.4_-8_n h   type=2
20180701g_temp/sig_1530472446_1.4_-8_n hh  type=1
20180701g_temp/sig_1530472446_1.4_-8_n hs  type=4
20180701g_temp/sig_1530472446_1.4_-8_n ht  type=0
