xlim 0.1 0.6
ylim 0 2.1

20180612a_test_amp/sig_1528795500_0.7 ht  type=4
20180612a_test_amp/sig_1528795500_0.7 l   type=10

xlim -0.1 0.6

20180612d_temp_grad/sig_1528808074_1.0_-5 ht  type=4
20180612d_temp_grad/sig_1528808074_1.0_-5 l   type=10
20180612d_temp_grad/sig_1528808182_1.0_-6 ht  type=4
20180612d_temp_grad/sig_1528808182_1.0_-6 l   type=10
20180612d_temp_grad/sig_1528808290_1.0_-7 l   type=10
20180612d_temp_grad/sig_1528808398_1.0_-8 ht  type=4
20180612d_temp_grad/sig_1528808398_1.0_-8 l   type=10
20180612d_temp_grad/sig_1528808507_1.0_-9 ht  type=4
20180612d_temp_grad/sig_1528808507_1.0_-9 l   type=10

20180612d_temp_grad/sig_1528808678_1.4_-5 l   type=10
20180612d_temp_grad/sig_1528809779_1.0_-3 l   type=10
20180612d_temp_grad/sig_1528809887_1.0_-4 l   type=10
20180612d_temp_grad/sig_1528809997_1.0_-5 l   type=10
20180612d_temp_grad/sig_1528810102_1.0_-6 h   type=4
20180612d_temp_grad/sig_1528810102_1.0_-6 l   type=10
20180612d_temp_grad/sig_1528810210_1.0_-7 h   type=5
20180612d_temp_grad/sig_1528810210_1.0_-7 ht  type=4
20180612d_temp_grad/sig_1528810210_1.0_-7 l   type=10
20180612d_temp_grad/sig_1528810318_1.0_-8 ht  type=4
20180612d_temp_grad/sig_1528810318_1.0_-8 l   type=10
20180612d_temp_grad/sig_1528810423_1.0_-9 ht  type=4
20180612d_temp_grad/sig_1528810423_1.0_-9 l   type=10

xlim -1 -0

20180615b_temp_exc/sig_1529058029_1.0_-8 h   type=6
20180615b_temp_exc/sig_1529058029_1.0_-8 l   type=10 xmax=-0.385
20180615b_temp_exc/sig_1529058158_1.2_-8 h   type=6
20180615b_temp_exc/sig_1529058158_1.2_-8 l   type=10 xmax=-0.325

20180615b_temp_exc/sig_1529058415_1.0_-8 h   type=6
20180615b_temp_exc/sig_1529058415_1.0_-8 l   type=10 xmax=-0.39
20180615b_temp_exc/sig_1529058543_1.2_-8 h   type=6
20180615b_temp_exc/sig_1529058543_1.2_-8 l   type=10

20180615b_temp_exc/sig_1529058801_1.0_-8 h   type=6
20180615b_temp_exc/sig_1529058801_1.0_-8 l   type=10
20180615b_temp_exc/sig_1529058925_1.2_-8 h   type=6
20180615b_temp_exc/sig_1529058925_1.2_-8 l   type=10 xmax=-0.87

20180615b_temp_exc/sig_1529059053_0.8_-8 l   type=10
20180615b_temp_exc/sig_1529059053_0.8_-8 ls  type=11
20180615b_temp_exc/sig_1529059181_1.0_-8 l   type=10
20180615b_temp_exc/sig_1529059181_1.0_-8 ls  type=11
20180615b_temp_exc/sig_1529059311_1.2_-8 l   type=10
20180615b_temp_exc/sig_1529059311_1.2_-8 ls  type=11

20180615b_temp_exc/sig_1529059438_0.8_-8 l   type=10
20180615b_temp_exc/sig_1529059438_0.8_-8 ls  type=11
20180615b_temp_exc/sig_1529059566_1.0_-8 l   type=10
20180615b_temp_exc/sig_1529059566_1.0_-8 ls  type=11
20180615b_temp_exc/sig_1529059696_1.2_-8 l   type=10
20180615b_temp_exc/sig_1529059696_1.2_-8 ls  type=11 qual=3.3

20180615b_temp_exc/sig_1529059825_0.8_-8 l   type=10
20180615b_temp_exc/sig_1529059825_0.8_-8 ls  type=11
20180615b_temp_exc/sig_1529059953_1.0_-8 l   type=10
20180615b_temp_exc/sig_1529059953_1.0_-8 ls  type=11
20180615b_temp_exc/sig_1529060080_1.2_-8 l   type=10
20180615b_temp_exc/sig_1529060080_1.2_-8 ls  type=11

20180615b_temp_exc/sig_1529060206_0.8_-8 l   type=10
20180615b_temp_exc/sig_1529060206_0.8_-8 ls  type=11
20180615b_temp_exc/sig_1529060335_1.0_-8 l   type=10
20180615b_temp_exc/sig_1529060335_1.0_-8 ls  type=11
20180615b_temp_exc/sig_1529060463_1.2_-8 l   type=10
20180615b_temp_exc/sig_1529060463_1.2_-8 ls  type=11

20180615b_temp_exc/sig_1529060591_0.8_-8 l   type=10
20180615b_temp_exc/sig_1529060719_1.0_-8 l   type=10
20180615b_temp_exc/sig_1529060719_1.0_-8 ls  type=11 qual=2.5
20180615b_temp_exc/sig_1529060848_1.2_-8 l   type=10
20180615b_temp_exc/sig_1529060848_1.2_-8 ls  type=11 qual=3

20180615b_temp_exc/sig_1529060976_0.8_-8 l   type=10 xmax=-0.400
20180615b_temp_exc/sig_1529060976_0.8_-8 ls  type=11
20180615b_temp_exc/sig_1529061107_1.0_-8 l   type=10
20180615b_temp_exc/sig_1529061107_1.0_-8 ls  type=11
20180615b_temp_exc/sig_1529061238_1.2_-8 l   type=10
20180615b_temp_exc/sig_1529061238_1.2_-8 ls  type=11

20180615b_temp_exc/sig_1529061367_0.8_-8 l   type=10
20180615b_temp_exc/sig_1529061367_0.8_-8 ls  type=11
20180615b_temp_exc/sig_1529061495_1.0_-8 l   type=10
20180615b_temp_exc/sig_1529061495_1.0_-8 ls  type=11
20180615b_temp_exc/sig_1529061628_1.2_-8 l   type=10
20180615b_temp_exc/sig_1529061628_1.2_-8 ls  type=11

20180615b_temp_exc/sig_1529061757_0.8_-8 l   type=10 xmax=-0.425
20180615b_temp_exc/sig_1529061887_1.0_-8 l   type=10
20180615b_temp_exc/sig_1529062019_1.2_-8 l   type=10

20180615b_temp_exc/sig_1529062146_0.8_-8 h   type=4
20180615b_temp_exc/sig_1529062146_0.8_-8 l   type=10 xmax=-0.450
20180615b_temp_exc/sig_1529062274_1.0_-8 h   type=4
20180615b_temp_exc/sig_1529062274_1.0_-8 l   type=10
20180615b_temp_exc/sig_1529062402_1.2_-8 l   type=10

20180615b_temp_exc/sig_1529062531_0.8_-8 h   type=4
20180615b_temp_exc/sig_1529062531_0.8_-8 l   type=10
20180615b_temp_exc/sig_1529062665_1.0_-8 h   type=4
20180615b_temp_exc/sig_1529062665_1.0_-8 l   type=10
20180615b_temp_exc/sig_1529062794_1.2_-8 h   type=4
20180615b_temp_exc/sig_1529062794_1.2_-8 l   type=10

20180615b_temp_exc/sig_1529062923_0.8_-8 h   type=4
20180615b_temp_exc/sig_1529062923_0.8_-8 l   type=10
20180615b_temp_exc/sig_1529063050_1.0_-8 h   type=4
20180615b_temp_exc/sig_1529063050_1.0_-8 l   type=10

xlim 0 1

20180622a_grad/sig_1529673242_1.0_-2 l   type=10
20180622a_grad/sig_1529673383_1.0_-4 l   type=10
20180622a_grad/sig_1529673522_1.0_-6 h   type=0
20180622a_grad/sig_1529673522_1.0_-6 l   type=10
20180622a_grad/sig_1529673663_1.0_-8 h   type=0
20180622a_grad/sig_1529673663_1.0_-8 l   type=10
20180622a_grad/sig_1529673805_1.0_-10 h  type=0
20180622a_grad/sig_1529673805_1.0_-10 l  type=10
20180622a_grad/sig_1529673805_1.0_-10 ls type=11
20180622a_grad/sig_1529673945_1.0_-12 l  type=10
20180622a_grad/sig_1529673945_1.0_-12 ls type=11 xmax=0.63

20180622a_grad/sig_1529674639_1.0_-16 l  type=11
20180622a_grad/sig_1529674639_1.0_-16 ls type=10
20180622a_grad/sig_1529674779_1.0_-14 l  type=11
20180622a_grad/sig_1529674779_1.0_-14 ls type=10
20180622a_grad/sig_1529674920_1.0_-12 l  type=11
20180622a_grad/sig_1529674920_1.0_-12 ls type=10
20180622a_grad/sig_1529675060_1.0_-10 l  type=10
20180622a_grad/sig_1529675060_1.0_-10 ls type=11
20180622a_grad/sig_1529675200_1.0_-8 l   type=10
20180622a_grad/sig_1529675200_1.0_-8 ls  type=11
20180622a_grad/sig_1529675338_1.0_-6 l   type=10
20180622a_grad/sig_1529675478_1.0_-4 l   type=10
20180622a_grad/sig_1529675618_1.0_-2 l   type=10
20180622a_grad/sig_1529675758_1.0_0 l   type=10
20180622a_grad/sig_1529675988_1.0_0 l   type=10
20180622a_grad/sig_1529676127_1.0_2 l   type=10

20180622a_grad/sig_1529676977_1.0_-14 l  type=11
20180622a_grad/sig_1529676977_1.0_-14 ls type=10

xlim 1 2

20180626b_grad_temp/sig_1530019853_1.2_-6_n l   type=10
20180626b_grad_temp/sig_1530020086_1.2_-10_n l  type=10
20180626b_grad_temp/sig_1530020086_1.2_-10_n ls type=11 qual=3

20180626b_grad_temp/sig_1530020339_1.2_-8_n l   type=10
20180626b_grad_temp/sig_1530020339_1.2_-8_n ls  type=11
20180626b_grad_temp/sig_1530020456_1.2_-10_n l  type=10
20180626b_grad_temp/sig_1530020456_1.2_-10_n ls type=11

20180626b_grad_temp/sig_1530020593_1.2_-6_n l   type=10
20180626b_grad_temp/sig_1530020709_1.2_-8_n l   type=10
20180626b_grad_temp/sig_1530020709_1.2_-8_n ls  type=11
20180626b_grad_temp/sig_1530020825_1.2_-10_n l  type=11 xmax=0.932

20180626b_grad_temp/sig_1530020962_1.2_-6_n l   type=10
20180626b_grad_temp/sig_1530021079_1.2_-8_n l   type=10

20180626b_grad_temp/sig_1530021601_1.2_-6_n l   type=10

xlim 0.4 1.2

20180701a_grad/sig_1530439521_1.0_-8_n l   type=10
20180701a_grad/sig_1530439521_1.0_-8_n ls  type=11
20180701a_grad/sig_1530439760_1.0_0_n l   type=10 xmax=0.65
20180701a_grad/sig_1530439898_1.0_-1_n l   type=10
20180701a_grad/sig_1530440037_1.0_-2_n l   type=10
20180701a_grad/sig_1530440175_1.0_-3_n l   type=10
20180701a_grad/sig_1530440314_1.0_-4_n l   type=10
20180701a_grad/sig_1530440314_1.0_-4_n x   type=0
20180701a_grad/sig_1530440453_1.0_-5_n l   type=10
20180701a_grad/sig_1530440453_1.0_-5_n x   type=0
20180701a_grad/sig_1530440591_1.0_-6_n l   type=10
20180701a_grad/sig_1530440591_1.0_-6_n x   type=0
20180701a_grad/sig_1530440730_1.0_-7_n h   type=0

xlim 0.4 1.2

20180701b_exc/sig_1530442725_0.7_-8_n l   type=10
20180701b_exc/sig_1530442884_0.8_-8_n l   type=10
20180701b_exc/sig_1530443043_0.9_-8_n l   type=10
20180701b_exc/sig_1530443202_1.0_-8_n l   type=10
20180701b_exc/sig_1530443361_1.2_-8_n l   type=10
20180701b_exc/sig_1530443520_1.4_-8_n l   type=10

xlim 0.3 1.4

20180701g_temp/sig_1530462550_1.2_-8_n h   type=4
20180701g_temp/sig_1530462550_1.2_-8_n l   type=10 xmax=0.87
20180701g_temp/sig_1530462550_1.2_-8_n ls  type=11
20180701g_temp/sig_1530462550_1.2_-8_n lx  type=12
20180701g_temp/sig_1530462689_1.2_-10_n h  type=5
20180701g_temp/sig_1530462689_1.2_-10_n ht type=4
20180701g_temp/sig_1530462689_1.2_-10_n l  type=10
20180701g_temp/sig_1530462689_1.2_-10_n ls type=11

20180701g_temp/sig_1530462850_0.8_-8_n l   type=10
20180701g_temp/sig_1530462850_0.8_-8_n ls  type=11
20180701g_temp/sig_1530462988_0.8_-10_n l  type=10 xmax=0.85
20180701g_temp/sig_1530462988_0.8_-10_n ls type=11
20180701g_temp/sig_1530463149_1.2_-8_n l   type=10 xmax=0.95
20180701g_temp/sig_1530463149_1.2_-8_n ls  type=11
20180701g_temp/sig_1530463288_1.2_-10_n l  type=10 xmax=1.1
20180701g_temp/sig_1530463288_1.2_-10_n ls type=11

20180701g_temp/sig_1530463448_0.8_-8_n l   type=10 xmax=0.88
20180701g_temp/sig_1530463448_0.8_-8_n ls  type=11
20180701g_temp/sig_1530463587_0.8_-10_n l  type=10 xmax=1.1
20180701g_temp/sig_1530463587_0.8_-10_n ls type=11
20180701g_temp/sig_1530463748_1.2_-8_n l   type=10 xmax=1.1
20180701g_temp/sig_1530463748_1.2_-8_n ls  type=11
20180701g_temp/sig_1530463887_1.2_-10_n l  type=10 xmax=1.1
20180701g_temp/sig_1530463887_1.2_-10_n ls type=11

20180701g_temp/sig_1530464048_0.8_-8_n l   type=10
20180701g_temp/sig_1530464048_0.8_-8_n ls  type=11
20180701g_temp/sig_1530464187_0.8_-10_n l  type=10
20180701g_temp/sig_1530464187_0.8_-10_n ls type=11
20180701g_temp/sig_1530464348_1.2_-8_n h   type=4
20180701g_temp/sig_1530464348_1.2_-8_n l   type=10 xmax=1.1
20180701g_temp/sig_1530464348_1.2_-8_n ls  type=11
20180701g_temp/sig_1530464486_1.2_-10_n l  type=10 xmax=1.1
20180701g_temp/sig_1530464486_1.2_-10_n ls type=11

20180701g_temp/sig_1530464647_0.8_-8_n l   type=10 xmax=0.82
20180701g_temp/sig_1530464647_0.8_-8_n ls  type=11
20180701g_temp/sig_1530464786_0.8_-10_n l  type=10
20180701g_temp/sig_1530464786_0.8_-10_n ls type=11
20180701g_temp/sig_1530464947_1.2_-8_n l   type=10 xmax=1.2
20180701g_temp/sig_1530464947_1.2_-8_n ls  type=11
20180701g_temp/sig_1530465086_1.2_-10_n l  type=10 xmax=1.1
20180701g_temp/sig_1530465086_1.2_-10_n ls type=11

20180701g_temp/sig_1530465246_0.8_-8_n l   type=10
20180701g_temp/sig_1530465246_0.8_-8_n ls  type=11
20180701g_temp/sig_1530465546_1.2_-8_n l   type=10 xmax=1.1
20180701g_temp/sig_1530465546_1.2_-8_n ls  type=11
20180701g_temp/sig_1530465685_1.2_-10_n l  type=10 xmax=1.1
20180701g_temp/sig_1530465685_1.2_-10_n ls type=11

20180701g_temp/sig_1530465845_0.8_-8_n l   type=10
20180701g_temp/sig_1530465845_0.8_-8_n ls  type=11
20180701g_temp/sig_1530465984_0.8_-10_n l  type=10 xmax=0.92
20180701g_temp/sig_1530465984_0.8_-10_n ls type=11

20180701g_temp/sig_1530467482_1.2_-10_n l  type=10 xmax=1.15
20180701g_temp/sig_1530467482_1.2_-10_n ls type=11

20180701g_temp/sig_1530467643_0.8_-8_n l   type=10 xmax=0.8
20180701g_temp/sig_1530467643_0.8_-8_n ls  type=11
20180701g_temp/sig_1530467782_0.8_-10_n l  type=10 xmax=0.9
20180701g_temp/sig_1530467782_0.8_-10_n ls type=11
20180701g_temp/sig_1530467943_1.2_-8_n l   type=10 xmax=1.1
20180701g_temp/sig_1530467943_1.2_-8_n ls  type=11
20180701g_temp/sig_1530468081_1.2_-10_n l  type=10 xmax=1.05
20180701g_temp/sig_1530468081_1.2_-10_n ls type=11

20180701g_temp/sig_1530468242_0.8_-8_n l   type=10
20180701g_temp/sig_1530468242_0.8_-8_n ls  type=11
20180701g_temp/sig_1530468381_0.8_-10_n l  type=10
20180701g_temp/sig_1530468381_0.8_-10_n ls type=11
20180701g_temp/sig_1530468542_1.2_-8_n l   type=10 xmax=0.95
20180701g_temp/sig_1530468542_1.2_-8_n ls  type=11
20180701g_temp/sig_1530468680_1.2_-10_n l  type=10
20180701g_temp/sig_1530468680_1.2_-10_n ls type=11

20180701g_temp/sig_1530468841_0.8_-8_n l   type=10
20180701g_temp/sig_1530468979_0.8_-10_n l  type=10
20180701g_temp/sig_1530468979_0.8_-10_n ls type=11
20180701g_temp/sig_1530469140_1.2_-8_n l   type=10
20180701g_temp/sig_1530469140_1.2_-8_n ls  type=11
20180701g_temp/sig_1530469279_1.2_-10_n l  type=10
20180701g_temp/sig_1530469279_1.2_-10_n ls type=11

20180701g_temp/sig_1530469739_1.2_-8_n l   type=10
20180701g_temp/sig_1530469878_1.2_-10_n l  type=10

